[ 2017-08-17T11:28:15+08:00 ] 218.28.37.74 /weixin/index.php/Home/Wechat/sendAllByTags
INFO: [ app_init ] --START--
INFO: Run Behavior\BuildLiteBehavior [ RunTime:0.000016s ]
INFO: [ app_init ] --END-- [ RunTime:0.000438s ]
INFO: [ app_begin ] --START--
INFO: Run Behavior\ReadHtmlCacheBehavior [ RunTime:0.000915s ]
INFO: [ app_begin ] --END-- [ RunTime:0.000969s ]
SQL: SHOW COLUMNS FROM `token` [ RunTime:0.0017s ]
SQL: SELECT * FROM `token` WHERE `token_name` = 'access_token' LIMIT 1   [ RunTime:0.0013s ]
SQL: UPDATE `token` SET `token_value`='55OBjtIhQ5NdplV4SkDOsj8yZTXKK5Ba0Hq0MvphD545Fu3VqvBtcP_Ly3rZqEwXd-WiIK9KZUbIc-KMpDf7I2xjC-xCeQa5nJZPwtT9wZqNmJ8DaHOl5qJKyEzpYpRRZLNbAHAMYA',`token_expire`='1502947695' WHERE `token_name` = 'access_token' [ RunTime:0.0016s ]
INFO: [ app_end ] --START--
INFO: Run Behavior\ShowPageTraceBehavior [ RunTime:0.000836s ]
INFO: [ app_end ] --END-- [ RunTime:0.000924s ]

[ 2017-08-17T11:29:32+08:00 ] 218.28.37.74 /weixin/index.php/Home/Wechat/sendAllByTags
INFO: [ app_init ] --START--
INFO: Run Behavior\BuildLiteBehavior [ RunTime:0.000018s ]
INFO: [ app_init ] --END-- [ RunTime:0.000423s ]
INFO: [ app_begin ] --START--
INFO: Run Behavior\ReadHtmlCacheBehavior [ RunTime:0.000696s ]
INFO: [ app_begin ] --END-- [ RunTime:0.000744s ]
SQL: SHOW COLUMNS FROM `token` [ RunTime:0.0017s ]
SQL: SELECT * FROM `token` WHERE `token_name` = 'access_token' LIMIT 1   [ RunTime:0.0014s ]
INFO: [ app_end ] --START--
INFO: Run Behavior\ShowPageTraceBehavior [ RunTime:0.000807s ]
INFO: [ app_end ] --END-- [ RunTime:0.000899s ]

[ 2017-08-17T11:29:33+08:00 ] 140.207.54.80 /weixin/Home/Wechat/checkSignature?signature=56550fc100a7140418107030f39248bad2525849&timestamp=1502940573&nonce=375184839&openid=oyEQ60oR4yhXBrW1CuvB94bch6Ow
INFO: [ app_init ] --START--
INFO: Run Behavior\BuildLiteBehavior [ RunTime:0.000020s ]
INFO: [ app_init ] --END-- [ RunTime:0.000453s ]
INFO: [ app_begin ] --START--
INFO: Run Behavior\ReadHtmlCacheBehavior [ RunTime:0.000730s ]
INFO: [ app_begin ] --END-- [ RunTime:0.000779s ]
INFO: [ app_end ] --START--
INFO: Run Behavior\ShowPageTraceBehavior [ RunTime:0.000597s ]
INFO: [ app_end ] --END-- [ RunTime:0.000648s ]

[ 2017-08-17T11:29:47+08:00 ] 140.207.54.75 /weixin/Home/Wechat/checkSignature?signature=6ff2ce2e117ec6fa616e63d11c47f03d65f60ec2&timestamp=1502940587&nonce=252760442&openid=oyEQ60ok7cx48XwxwBiBoEu-750c
INFO: [ app_init ] --START--
INFO: Run Behavior\BuildLiteBehavior [ RunTime:0.000018s ]
INFO: [ app_init ] --END-- [ RunTime:0.000419s ]
INFO: [ app_begin ] --START--
INFO: Run Behavior\ReadHtmlCacheBehavior [ RunTime:0.000708s ]
INFO: [ app_begin ] --END-- [ RunTime:0.000756s ]
INFO: [ app_end ] --START--
INFO: Run Behavior\ShowPageTraceBehavior [ RunTime:0.000579s ]
INFO: [ app_end ] --END-- [ RunTime:0.000633s ]

[ 2017-08-17T11:32:56+08:00 ] 218.28.37.74 /weixin/index.php/Home/Index/uploadMaterial
INFO: [ app_init ] --START--
INFO: Run Behavior\BuildLiteBehavior [ RunTime:0.000017s ]
INFO: [ app_init ] --END-- [ RunTime:0.000486s ]
INFO: [ app_begin ] --START--
INFO: Run Behavior\ReadHtmlCacheBehavior [ RunTime:0.000758s ]
INFO: [ app_begin ] --END-- [ RunTime:0.000806s ]
INFO: [ view_parse ] --START--
INFO: [ template_filter ] --START--
INFO: Run Behavior\ContentReplaceBehavior [ RunTime:0.000036s ]
INFO: [ template_filter ] --END-- [ RunTime:0.000080s ]
INFO: Run Behavior\ParseTemplateBehavior [ RunTime:0.005728s ]
INFO: [ view_parse ] --END-- [ RunTime:0.005775s ]
INFO: [ view_filter ] --START--
INFO: Run Behavior\WriteHtmlCacheBehavior [ RunTime:0.000321s ]
INFO: [ view_filter ] --END-- [ RunTime:0.000352s ]
INFO: [ app_end ] --START--
INFO: Run Behavior\ShowPageTraceBehavior [ RunTime:0.000567s ]
INFO: [ app_end ] --END-- [ RunTime:0.000614s ]

[ 2017-08-17T11:33:04+08:00 ] 218.28.37.74 /weixin/index.php/Home/Wechat/addMaterial.html
INFO: [ app_init ] --START--
INFO: Run Behavior\BuildLiteBehavior [ RunTime:0.000019s ]
INFO: [ app_init ] --END-- [ RunTime:0.000456s ]
INFO: [ app_begin ] --START--
INFO: Run Behavior\ReadHtmlCacheBehavior [ RunTime:0.000759s ]
INFO: [ app_begin ] --END-- [ RunTime:0.000807s ]
SQL: SHOW COLUMNS FROM `token` [ RunTime:0.0016s ]
SQL: SELECT * FROM `token` WHERE `token_name` = 'access_token' LIMIT 1   [ RunTime:0.0012s ]
INFO: [ app_end ] --START--
INFO: Run Behavior\ShowPageTraceBehavior [ RunTime:0.000787s ]
INFO: [ app_end ] --END-- [ RunTime:0.000870s ]

[ 2017-08-17T11:33:51+08:00 ] 218.28.37.74 /weixin/index.php/Home/Wechat/addMaterial.html
INFO: [ app_init ] --START--
INFO: Run Behavior\BuildLiteBehavior [ RunTime:0.000017s ]
INFO: [ app_init ] --END-- [ RunTime:0.000410s ]
INFO: [ app_begin ] --START--
INFO: Run Behavior\ReadHtmlCacheBehavior [ RunTime:0.000714s ]
INFO: [ app_begin ] --END-- [ RunTime:0.000763s ]
SQL: SHOW COLUMNS FROM `token` [ RunTime:0.0015s ]
SQL: SELECT * FROM `token` WHERE `token_name` = 'access_token' LIMIT 1   [ RunTime:0.0012s ]
SQL: UPDATE `token` SET `token_value`='lxRL5u0z72_E3FOK_7iDrcYWkfW-UZoXu8f1wdBu_GIAU_vesxfBj349o1IK7l9korXuOaU57j-CNBc1hpwg9dIcJyY6xtil3z4bi_ViUhakV9u_x_vlOUDAdVb1Uq-bHQChABATCO',`token_expire`='1502948030' WHERE `token_name` = 'access_token' [ RunTime:0.0015s ]
INFO: [ app_end ] --START--
INFO: Run Behavior\ShowPageTraceBehavior [ RunTime:0.001257s ]
INFO: [ app_end ] --END-- [ RunTime:0.001377s ]

[ 2017-08-17T11:35:21+08:00 ] 218.28.37.74 /weixin/index.php/Home/Index/uploadMedia
INFO: [ app_init ] --START--
INFO: Run Behavior\BuildLiteBehavior [ RunTime:0.000018s ]
INFO: [ app_init ] --END-- [ RunTime:0.000419s ]
INFO: [ app_begin ] --START--
INFO: Run Behavior\ReadHtmlCacheBehavior [ RunTime:0.000797s ]
INFO: [ app_begin ] --END-- [ RunTime:0.000847s ]
INFO: [ view_parse ] --START--
INFO: [ template_filter ] --START--
INFO: Run Behavior\ContentReplaceBehavior [ RunTime:0.000046s ]
INFO: [ template_filter ] --END-- [ RunTime:0.000099s ]
INFO: Run Behavior\ParseTemplateBehavior [ RunTime:0.005666s ]
INFO: [ view_parse ] --END-- [ RunTime:0.005722s ]
INFO: [ view_filter ] --START--
INFO: Run Behavior\WriteHtmlCacheBehavior [ RunTime:0.000359s ]
INFO: [ view_filter ] --END-- [ RunTime:0.000391s ]
INFO: [ app_end ] --START--
INFO: Run Behavior\ShowPageTraceBehavior [ RunTime:0.000621s ]
INFO: [ app_end ] --END-- [ RunTime:0.000662s ]

[ 2017-08-17T11:35:28+08:00 ] 218.28.37.74 /weixin/index.php/Home/Wechat/uploadTempMedia.html
INFO: [ app_init ] --START--
INFO: Run Behavior\BuildLiteBehavior [ RunTime:0.000017s ]
INFO: [ app_init ] --END-- [ RunTime:0.000428s ]
INFO: [ app_begin ] --START--
INFO: Run Behavior\ReadHtmlCacheBehavior [ RunTime:0.000756s ]
INFO: [ app_begin ] --END-- [ RunTime:0.000807s ]
SQL: SHOW COLUMNS FROM `token` [ RunTime:0.0019s ]
SQL: SELECT * FROM `token` WHERE `token_name` = 'access_token' LIMIT 1   [ RunTime:0.0019s ]
INFO: [ app_end ] --START--
INFO: Run Behavior\ShowPageTraceBehavior [ RunTime:0.000818s ]
INFO: [ app_end ] --END-- [ RunTime:0.000918s ]

[ 2017-08-17T11:36:16+08:00 ] 218.28.37.74 /weixin/index.php/Home/Wechat/sendAllByTags
INFO: [ app_init ] --START--
INFO: Run Behavior\BuildLiteBehavior [ RunTime:0.000017s ]
INFO: [ app_init ] --END-- [ RunTime:0.000409s ]
INFO: [ app_begin ] --START--
INFO: Run Behavior\ReadHtmlCacheBehavior [ RunTime:0.000705s ]
INFO: [ app_begin ] --END-- [ RunTime:0.000752s ]
SQL: SHOW COLUMNS FROM `token` [ RunTime:0.0017s ]
SQL: SELECT * FROM `token` WHERE `token_name` = 'access_token' LIMIT 1   [ RunTime:0.0013s ]
SQL: SELECT * FROM `token` WHERE `token_name` = 'access_token' LIMIT 1   [ RunTime:0.0013s ]
NOTIC: [8] Undefined index: media_id /data/home/bxu2711760770/htdocs/weixin/Application/Home/Controller/WechatController.class.php 第 631 行.
INFO: [ app_end ] --START--
INFO: Run Behavior\ShowPageTraceBehavior [ RunTime:0.000868s ]
INFO: [ app_end ] --END-- [ RunTime:0.000969s ]

[ 2017-08-17T15:30:49+08:00 ] 218.28.37.74 /weixin/index.php/Home/Index/uploadMaterial
INFO: [ app_init ] --START--
INFO: Run Behavior\BuildLiteBehavior [ RunTime:0.000024s ]
INFO: [ app_init ] --END-- [ RunTime:0.000504s ]
INFO: [ app_begin ] --START--
INFO: Run Behavior\ReadHtmlCacheBehavior [ RunTime:0.000809s ]
INFO: [ app_begin ] --END-- [ RunTime:0.000859s ]
INFO: [ view_parse ] --START--
INFO: [ template_filter ] --START--
INFO: Run Behavior\ContentReplaceBehavior [ RunTime:0.000043s ]
INFO: [ template_filter ] --END-- [ RunTime:0.000092s ]
INFO: Run Behavior\ParseTemplateBehavior [ RunTime:0.006286s ]
INFO: [ view_parse ] --END-- [ RunTime:0.006332s ]
INFO: [ view_filter ] --START--
INFO: Run Behavior\WriteHtmlCacheBehavior [ RunTime:0.000407s ]
INFO: [ view_filter ] --END-- [ RunTime:0.000440s ]
INFO: [ app_end ] --START--
INFO: Run Behavior\ShowPageTraceBehavior [ RunTime:0.000679s ]
INFO: [ app_end ] --END-- [ RunTime:0.000723s ]

[ 2017-08-17T15:30:56+08:00 ] 218.28.37.74 /weixin/index.php/Home/Wechat/addMaterial.html
INFO: [ app_init ] --START--
INFO: Run Behavior\BuildLiteBehavior [ RunTime:0.000019s ]
INFO: [ app_init ] --END-- [ RunTime:0.000536s ]
INFO: [ app_begin ] --START--
INFO: Run Behavior\ReadHtmlCacheBehavior [ RunTime:0.000742s ]
INFO: [ app_begin ] --END-- [ RunTime:0.000793s ]
SQL: SHOW COLUMNS FROM `token` [ RunTime:0.0020s ]
SQL: SELECT * FROM `token` WHERE `token_name` = 'access_token' LIMIT 1   [ RunTime:0.0016s ]
SQL: UPDATE `token` SET `token_value`='YI2o6ekW5jEluW9ob7cDakArAXXaTGdrRjE0bhKTw8x7FNGGDLzUG1ploz50i-SYnoiNlwlzH3ERNmaGE8fgRNhwaeOvg51a4OcSvDtyZSYWMOhAJAIYA',`token_expire`='1502962256' WHERE `token_name` = 'access_token' [ RunTime:0.0017s ]
INFO: [ app_end ] --START--
INFO: Run Behavior\ShowPageTraceBehavior [ RunTime:0.000816s ]
INFO: [ app_end ] --END-- [ RunTime:0.000905s ]

[ 2017-08-17T15:43:42+08:00 ] 218.28.37.74 /weixin/index.php/Home/Wechat/preview
INFO: [ app_init ] --START--
INFO: Run Behavior\BuildLiteBehavior [ RunTime:0.000021s ]
INFO: [ app_init ] --END-- [ RunTime:0.000462s ]
INFO: [ app_begin ] --START--
INFO: Run Behavior\ReadHtmlCacheBehavior [ RunTime:0.001045s ]
INFO: [ app_begin ] --END-- [ RunTime:0.001120s ]
SQL: SHOW COLUMNS FROM `token` [ RunTime:0.0017s ]
SQL: SELECT * FROM `token` WHERE `token_name` = 'access_token' LIMIT 1   [ RunTime:0.0014s ]
INFO: [ app_end ] --START--
INFO: Run Behavior\ShowPageTraceBehavior [ RunTime:0.000860s ]
INFO: [ app_end ] --END-- [ RunTime:0.000953s ]

[ 2017-08-17T15:43:54+08:00 ] 140.207.54.75 /weixin/Home/Wechat/checkSignature?signature=393cf9cacdb95c147b5268388a989acaa25bb48a&timestamp=1502955834&nonce=1988912091&openid=oyEQ60ok7cx48XwxwBiBoEu-750c
INFO: [ app_init ] --START--
INFO: Run Behavior\BuildLiteBehavior [ RunTime:0.000021s ]
INFO: [ app_init ] --END-- [ RunTime:0.000463s ]
INFO: [ app_begin ] --START--
INFO: Run Behavior\ReadHtmlCacheBehavior [ RunTime:0.000754s ]
INFO: [ app_begin ] --END-- [ RunTime:0.000804s ]

[ 2017-08-17T15:46:22+08:00 ] 218.28.37.74 /weixin/index.php/Home/Wechat/preview
INFO: [ app_init ] --START--
INFO: Run Behavior\BuildLiteBehavior [ RunTime:0.000015s ]
INFO: [ app_init ] --END-- [ RunTime:0.000448s ]
INFO: [ app_begin ] --START--
INFO: Run Behavior\ReadHtmlCacheBehavior [ RunTime:0.000701s ]
INFO: [ app_begin ] --END-- [ RunTime:0.000759s ]
SQL: SHOW COLUMNS FROM `token` [ RunTime:0.0017s ]
SQL: SELECT * FROM `token` WHERE `token_name` = 'access_token' LIMIT 1   [ RunTime:0.0013s ]
INFO: [ app_end ] --START--
INFO: Run Behavior\ShowPageTraceBehavior [ RunTime:0.000854s ]
INFO: [ app_end ] --END-- [ RunTime:0.000954s ]

[ 2017-08-17T16:14:33+08:00 ] 140.207.54.75 /weixin/Home/Wechat/checkSignature?signature=f6f9eacc3b1deb4c4dfd7a66afb763a2c172be1e&timestamp=1502957673&nonce=834734286&openid=oyEQ60ok7cx48XwxwBiBoEu-750c
INFO: [ app_init ] --START--
INFO: Run Behavior\BuildLiteBehavior [ RunTime:0.000035s ]
INFO: [ app_init ] --END-- [ RunTime:0.000433s ]
INFO: [ app_begin ] --START--
INFO: Run Behavior\ReadHtmlCacheBehavior [ RunTime:0.000725s ]
INFO: [ app_begin ] --END-- [ RunTime:0.000775s ]
INFO: [ app_end ] --START--
INFO: Run Behavior\ShowPageTraceBehavior [ RunTime:0.000649s ]
INFO: [ app_end ] --END-- [ RunTime:0.000701s ]

[ 2017-08-17T16:28:26+08:00 ] 140.207.54.76 /weixin/Home/Wechat/checkSignature?signature=0c560dee5d678980b4f3c80a9598cf3497b472c3&timestamp=1502958506&nonce=777693777&openid=oyEQ60ok7cx48XwxwBiBoEu-750c
INFO: [ app_init ] --START--
INFO: Run Behavior\BuildLiteBehavior [ RunTime:0.000026s ]
INFO: [ app_init ] --END-- [ RunTime:0.000596s ]
INFO: [ app_begin ] --START--
INFO: Run Behavior\ReadHtmlCacheBehavior [ RunTime:0.000718s ]
INFO: [ app_begin ] --END-- [ RunTime:0.000768s ]
INFO: [ app_end ] --START--
INFO: Run Behavior\ShowPageTraceBehavior [ RunTime:0.000612s ]
INFO: [ app_end ] --END-- [ RunTime:0.000663s ]

[ 2017-08-17T16:28:28+08:00 ] 140.207.54.75 /weixin/Home/Wechat/checkSignature?signature=880d1e7656349cb98454a1ee92e6af1d40afcd57&timestamp=1502958508&nonce=1466394659&openid=oyEQ60ok7cx48XwxwBiBoEu-750c
INFO: [ app_init ] --START--
INFO: Run Behavior\BuildLiteBehavior [ RunTime:0.000017s ]
INFO: [ app_init ] --END-- [ RunTime:0.000500s ]
INFO: [ app_begin ] --START--
INFO: Run Behavior\ReadHtmlCacheBehavior [ RunTime:0.000713s ]
INFO: [ app_begin ] --END-- [ RunTime:0.000762s ]

[ 2017-08-17T16:28:33+08:00 ] 140.207.54.76 /weixin/Home/Wechat/checkSignature?signature=3249732ed2661e4040853bdb5b62caa0b2b5f173&timestamp=1502958512&nonce=1203477090&openid=oyEQ60ok7cx48XwxwBiBoEu-750c
INFO: [ app_init ] --START--
INFO: Run Behavior\BuildLiteBehavior [ RunTime:0.000027s ]
INFO: [ app_init ] --END-- [ RunTime:0.000596s ]
INFO: [ app_begin ] --START--
INFO: Run Behavior\ReadHtmlCacheBehavior [ RunTime:0.000870s ]
INFO: [ app_begin ] --END-- [ RunTime:0.000920s ]

[ 2017-08-17T16:28:34+08:00 ] 140.207.54.76 /weixin/Home/Wechat/checkSignature?signature=bb43da884cf2c80c54cebbd0e62ef48b17c69525&timestamp=1502958514&nonce=28538124&openid=oyEQ60ok7cx48XwxwBiBoEu-750c
INFO: [ app_init ] --START--
INFO: Run Behavior\BuildLiteBehavior [ RunTime:0.000017s ]
INFO: [ app_init ] --END-- [ RunTime:0.000419s ]
INFO: [ app_begin ] --START--
INFO: Run Behavior\ReadHtmlCacheBehavior [ RunTime:0.000704s ]
INFO: [ app_begin ] --END-- [ RunTime:0.000752s ]
INFO: [ app_end ] --START--
INFO: Run Behavior\ShowPageTraceBehavior [ RunTime:0.000585s ]
INFO: [ app_end ] --END-- [ RunTime:0.000636s ]

[ 2017-08-17T16:28:40+08:00 ] 140.207.54.75 /weixin/Home/Wechat/checkSignature?signature=cb0106ef683f02f8a1351631a07fc81f9e590898&timestamp=1502958520&nonce=943468807&openid=oyEQ60ok7cx48XwxwBiBoEu-750c
INFO: [ app_init ] --START--
INFO: Run Behavior\BuildLiteBehavior [ RunTime:0.000020s ]
INFO: [ app_init ] --END-- [ RunTime:0.000451s ]
INFO: [ app_begin ] --START--
INFO: Run Behavior\ReadHtmlCacheBehavior [ RunTime:0.000722s ]
INFO: [ app_begin ] --END-- [ RunTime:0.000770s ]
INFO: [ app_end ] --START--
INFO: Run Behavior\ShowPageTraceBehavior [ RunTime:0.000582s ]
INFO: [ app_end ] --END-- [ RunTime:0.000636s ]

[ 2017-08-17T16:41:04+08:00 ] 218.28.37.74 /weixin/index.php/Home/Wechat/getUserTags
INFO: [ app_init ] --START--
INFO: Run Behavior\BuildLiteBehavior [ RunTime:0.000019s ]
INFO: [ app_init ] --END-- [ RunTime:0.000430s ]
INFO: [ app_begin ] --START--
INFO: Run Behavior\ReadHtmlCacheBehavior [ RunTime:0.000749s ]
INFO: [ app_begin ] --END-- [ RunTime:0.000807s ]
SQL: SHOW COLUMNS FROM `token` [ RunTime:0.0019s ]
SQL: SELECT * FROM `token` WHERE `token_name` = 'access_token' LIMIT 1   [ RunTime:0.0013s ]
INFO: [ app_end ] --START--
INFO: Run Behavior\ShowPageTraceBehavior [ RunTime:0.000851s ]
INFO: [ app_end ] --END-- [ RunTime:0.000947s ]

[ 2017-08-17T16:41:41+08:00 ] 218.28.37.74 /weixin/index.php/Home/Wechat/getFansByTags/tag_id/2
INFO: [ app_init ] --START--
INFO: Run Behavior\BuildLiteBehavior [ RunTime:0.000034s ]
INFO: [ app_init ] --END-- [ RunTime:0.000556s ]
INFO: [ app_begin ] --START--
INFO: Run Behavior\ReadHtmlCacheBehavior [ RunTime:0.000830s ]
INFO: [ app_begin ] --END-- [ RunTime:0.000879s ]
SQL: SHOW COLUMNS FROM `token` [ RunTime:0.0017s ]
SQL: SELECT * FROM `token` WHERE `token_name` = 'access_token' LIMIT 1   [ RunTime:0.0012s ]
INFO: [ app_end ] --START--
INFO: Run Behavior\ShowPageTraceBehavior [ RunTime:0.000868s ]
INFO: [ app_end ] --END-- [ RunTime:0.000965s ]

[ 2017-08-17T16:42:34+08:00 ] 218.28.37.74 /weixin/index.php/Home/Wechat/getUserTags
INFO: [ app_init ] --START--
INFO: Run Behavior\BuildLiteBehavior [ RunTime:0.000020s ]
INFO: [ app_init ] --END-- [ RunTime:0.000441s ]
INFO: [ app_begin ] --START--
INFO: Run Behavior\ReadHtmlCacheBehavior [ RunTime:0.000735s ]
INFO: [ app_begin ] --END-- [ RunTime:0.000785s ]
SQL: SHOW COLUMNS FROM `token` [ RunTime:0.0016s ]
SQL: SELECT * FROM `token` WHERE `token_name` = 'access_token' LIMIT 1   [ RunTime:0.0012s ]
INFO: [ app_end ] --START--
INFO: Run Behavior\ShowPageTraceBehavior [ RunTime:0.000873s ]
INFO: [ app_end ] --END-- [ RunTime:0.000969s ]

[ 2017-08-17T16:42:54+08:00 ] 218.28.37.74 /weixin/index.php/Home/Wechat/getUserTags
INFO: [ app_init ] --START--
INFO: Run Behavior\BuildLiteBehavior [ RunTime:0.000020s ]
INFO: [ app_init ] --END-- [ RunTime:0.000430s ]
INFO: [ app_begin ] --START--
INFO: Run Behavior\ReadHtmlCacheBehavior [ RunTime:0.000729s ]
INFO: [ app_begin ] --END-- [ RunTime:0.000777s ]
SQL: SHOW COLUMNS FROM `token` [ RunTime:0.0016s ]
SQL: SELECT * FROM `token` WHERE `token_name` = 'access_token' LIMIT 1   [ RunTime:0.0012s ]
INFO: [ app_end ] --START--
INFO: Run Behavior\ShowPageTraceBehavior [ RunTime:0.000872s ]
INFO: [ app_end ] --END-- [ RunTime:0.000967s ]

[ 2017-08-17T16:42:57+08:00 ] 218.28.37.74 /weixin/index.php/Home/Wechat/getUserTags
INFO: [ app_init ] --START--
INFO: Run Behavior\BuildLiteBehavior [ RunTime:0.000020s ]
INFO: [ app_init ] --END-- [ RunTime:0.000477s ]
INFO: [ app_begin ] --START--
INFO: Run Behavior\ReadHtmlCacheBehavior [ RunTime:0.000748s ]
INFO: [ app_begin ] --END-- [ RunTime:0.000796s ]
SQL: SHOW COLUMNS FROM `token` [ RunTime:0.0017s ]
SQL: SELECT * FROM `token` WHERE `token_name` = 'access_token' LIMIT 1   [ RunTime:0.0013s ]
INFO: [ app_end ] --START--
INFO: Run Behavior\ShowPageTraceBehavior [ RunTime:0.000978s ]
INFO: [ app_end ] --END-- [ RunTime:0.001113s ]

[ 2017-08-17T16:42:58+08:00 ] 218.28.37.74 /weixin/index.php/Home/Wechat/getUserTags
INFO: [ app_init ] --START--
INFO: Run Behavior\BuildLiteBehavior [ RunTime:0.000021s ]
INFO: [ app_init ] --END-- [ RunTime:0.000452s ]
INFO: [ app_begin ] --START--
INFO: Run Behavior\ReadHtmlCacheBehavior [ RunTime:0.000737s ]
INFO: [ app_begin ] --END-- [ RunTime:0.000793s ]
SQL: SHOW COLUMNS FROM `token` [ RunTime:0.0019s ]
SQL: SELECT * FROM `token` WHERE `token_name` = 'access_token' LIMIT 1   [ RunTime:0.0014s ]
INFO: [ app_end ] --START--
INFO: Run Behavior\ShowPageTraceBehavior [ RunTime:0.000859s ]
INFO: [ app_end ] --END-- [ RunTime:0.000956s ]

[ 2017-08-17T16:44:20+08:00 ] 218.28.37.74 /weixin/index.php/Home/Wechat/getUserTags
INFO: [ app_init ] --START--
INFO: Run Behavior\BuildLiteBehavior [ RunTime:0.000020s ]
INFO: [ app_init ] --END-- [ RunTime:0.000420s ]
INFO: [ app_begin ] --START--
INFO: Run Behavior\ReadHtmlCacheBehavior [ RunTime:0.000713s ]
INFO: [ app_begin ] --END-- [ RunTime:0.000762s ]
SQL: SHOW COLUMNS FROM `token` [ RunTime:0.0017s ]
SQL: SELECT * FROM `token` WHERE `token_name` = 'access_token' LIMIT 1   [ RunTime:0.0013s ]
INFO: [ app_end ] --START--
INFO: Run Behavior\ShowPageTraceBehavior [ RunTime:0.000842s ]
INFO: [ app_end ] --END-- [ RunTime:0.000938s ]

[ 2017-08-17T16:44:52+08:00 ] 218.28.37.74 /weixin/index.php/Home/Wechat/getUserTags
INFO: [ app_init ] --START--
INFO: Run Behavior\BuildLiteBehavior [ RunTime:0.000016s ]
INFO: [ app_init ] --END-- [ RunTime:0.000438s ]
INFO: [ app_begin ] --START--
INFO: Run Behavior\ReadHtmlCacheBehavior [ RunTime:0.000726s ]
INFO: [ app_begin ] --END-- [ RunTime:0.000775s ]
SQL: SHOW COLUMNS FROM `token` [ RunTime:0.0015s ]
SQL: SELECT * FROM `token` WHERE `token_name` = 'access_token' LIMIT 1   [ RunTime:0.0012s ]
INFO: [ app_end ] --START--
INFO: Run Behavior\ShowPageTraceBehavior [ RunTime:0.000911s ]
INFO: [ app_end ] --END-- [ RunTime:0.001020s ]

[ 2017-08-17T16:45:23+08:00 ] 218.28.37.74 /weixin/index.php/Home/Wechat/getUserTags
INFO: [ app_init ] --START--
INFO: Run Behavior\BuildLiteBehavior [ RunTime:0.000025s ]
INFO: [ app_init ] --END-- [ RunTime:0.000494s ]
INFO: [ app_begin ] --START--
INFO: Run Behavior\ReadHtmlCacheBehavior [ RunTime:0.000782s ]
INFO: [ app_begin ] --END-- [ RunTime:0.000831s ]
SQL: SHOW COLUMNS FROM `token` [ RunTime:0.0018s ]
SQL: SELECT * FROM `token` WHERE `token_name` = 'access_token' LIMIT 1   [ RunTime:0.0012s ]
INFO: [ app_end ] --START--
INFO: Run Behavior\ShowPageTraceBehavior [ RunTime:0.000833s ]
INFO: [ app_end ] --END-- [ RunTime:0.000945s ]

[ 2017-08-17T16:45:57+08:00 ] 218.28.37.74 /weixin/index.php/Home/Wechat/getUserTags
INFO: [ app_init ] --START--
INFO: Run Behavior\BuildLiteBehavior [ RunTime:0.000022s ]
INFO: [ app_init ] --END-- [ RunTime:0.000433s ]
INFO: [ app_begin ] --START--
INFO: Run Behavior\ReadHtmlCacheBehavior [ RunTime:0.000764s ]
INFO: [ app_begin ] --END-- [ RunTime:0.000841s ]
SQL: SHOW COLUMNS FROM `token` [ RunTime:0.0017s ]
SQL: SELECT * FROM `token` WHERE `token_name` = 'access_token' LIMIT 1   [ RunTime:0.0013s ]
SQL: UPDATE `token` SET `token_value`='MDBJGDytYZsNQak1_lpT0tDWTrodWIshI2eH2S0pwhblvQpI8Kajh_4hEMo-bVnTRLireJT2US906lgm8xpFuY5K3L9EWN5lypCdVB5RiqNootzv3OFlOiW3HAI3YLcpXCXdACACHC',`token_expire`='1502966756' WHERE `token_name` = 'access_token' [ RunTime:0.0014s ]
INFO: [ app_end ] --START--
INFO: Run Behavior\ShowPageTraceBehavior [ RunTime:0.000716s ]
INFO: [ app_end ] --END-- [ RunTime:0.000797s ]

[ 2017-08-17T16:46:04+08:00 ] 218.28.37.74 /weixin/index.php/Home/Wechat/getUserTags
INFO: [ app_init ] --START--
INFO: Run Behavior\BuildLiteBehavior [ RunTime:0.000022s ]
INFO: [ app_init ] --END-- [ RunTime:0.000463s ]
INFO: [ app_begin ] --START--
INFO: Run Behavior\ReadHtmlCacheBehavior [ RunTime:0.000749s ]
INFO: [ app_begin ] --END-- [ RunTime:0.000802s ]
SQL: SHOW COLUMNS FROM `token` [ RunTime:0.0017s ]
SQL: SELECT * FROM `token` WHERE `token_name` = 'access_token' LIMIT 1   [ RunTime:0.0013s ]
INFO: [ app_end ] --START--
INFO: Run Behavior\ShowPageTraceBehavior [ RunTime:0.000816s ]
INFO: [ app_end ] --END-- [ RunTime:0.000933s ]

[ 2017-08-17T16:47:15+08:00 ] 218.28.37.74 /weixin/index.php/Home/Wechat/getUserTags
INFO: [ app_init ] --START--
INFO: Run Behavior\BuildLiteBehavior [ RunTime:0.000028s ]
INFO: [ app_init ] --END-- [ RunTime:0.000653s ]
INFO: [ app_begin ] --START--
INFO: Run Behavior\ReadHtmlCacheBehavior [ RunTime:0.000810s ]
INFO: [ app_begin ] --END-- [ RunTime:0.000861s ]
SQL: SHOW COLUMNS FROM `token` [ RunTime:0.0017s ]
SQL: SELECT * FROM `token` WHERE `token_name` = 'access_token' LIMIT 1   [ RunTime:0.0016s ]
INFO: [ app_end ] --START--
INFO: Run Behavior\ShowPageTraceBehavior [ RunTime:0.000906s ]
INFO: [ app_end ] --END-- [ RunTime:0.001001s ]

[ 2017-08-17T16:47:18+08:00 ] 218.28.37.74 /weixin/index.php/Home/Wechat/getUserTags
INFO: [ app_init ] --START--
INFO: Run Behavior\BuildLiteBehavior [ RunTime:0.000020s ]
INFO: [ app_init ] --END-- [ RunTime:0.000463s ]
INFO: [ app_begin ] --START--
INFO: Run Behavior\ReadHtmlCacheBehavior [ RunTime:0.000768s ]
INFO: [ app_begin ] --END-- [ RunTime:0.000815s ]
SQL: SHOW COLUMNS FROM `token` [ RunTime:0.0017s ]
SQL: SELECT * FROM `token` WHERE `token_name` = 'access_token' LIMIT 1   [ RunTime:0.0014s ]
INFO: [ app_end ] --START--
INFO: Run Behavior\ShowPageTraceBehavior [ RunTime:0.000867s ]
INFO: [ app_end ] --END-- [ RunTime:0.000969s ]

[ 2017-08-17T16:47:19+08:00 ] 218.28.37.74 /weixin/index.php/Home/Wechat/getUserTags
INFO: [ app_init ] --START--
INFO: Run Behavior\BuildLiteBehavior [ RunTime:0.000020s ]
INFO: [ app_init ] --END-- [ RunTime:0.000429s ]
INFO: [ app_begin ] --START--
INFO: Run Behavior\ReadHtmlCacheBehavior [ RunTime:0.001119s ]
INFO: [ app_begin ] --END-- [ RunTime:0.001182s ]
SQL: SHOW COLUMNS FROM `token` [ RunTime:0.0018s ]
SQL: SELECT * FROM `token` WHERE `token_name` = 'access_token' LIMIT 1   [ RunTime:0.0013s ]
INFO: [ app_end ] --START--
INFO: Run Behavior\ShowPageTraceBehavior [ RunTime:0.000829s ]
INFO: [ app_end ] --END-- [ RunTime:0.000946s ]

[ 2017-08-17T16:47:20+08:00 ] 218.28.37.74 /weixin/index.php/Home/Wechat/getUserTags
INFO: [ app_init ] --START--
INFO: Run Behavior\BuildLiteBehavior [ RunTime:0.000020s ]
INFO: [ app_init ] --END-- [ RunTime:0.000443s ]
INFO: [ app_begin ] --START--
INFO: Run Behavior\ReadHtmlCacheBehavior [ RunTime:0.000915s ]
INFO: [ app_begin ] --END-- [ RunTime:0.000972s ]
SQL: SHOW COLUMNS FROM `token` [ RunTime:0.0016s ]
SQL: SELECT * FROM `token` WHERE `token_name` = 'access_token' LIMIT 1   [ RunTime:0.0011s ]
INFO: [ app_end ] --START--
INFO: Run Behavior\ShowPageTraceBehavior [ RunTime:0.000824s ]
INFO: [ app_end ] --END-- [ RunTime:0.000921s ]

[ 2017-08-17T16:47:29+08:00 ] 218.28.37.74 /weixin/index.php/Home/Wechat/getUserTags
INFO: [ app_init ] --START--
INFO: Run Behavior\BuildLiteBehavior [ RunTime:0.000021s ]
INFO: [ app_init ] --END-- [ RunTime:0.000440s ]
INFO: [ app_begin ] --START--
INFO: Run Behavior\ReadHtmlCacheBehavior [ RunTime:0.000741s ]
INFO: [ app_begin ] --END-- [ RunTime:0.000789s ]
SQL: SHOW COLUMNS FROM `token` [ RunTime:0.0031s ]
SQL: SELECT * FROM `token` WHERE `token_name` = 'access_token' LIMIT 1   [ RunTime:0.0012s ]
INFO: [ app_end ] --START--
INFO: Run Behavior\ShowPageTraceBehavior [ RunTime:0.000870s ]
INFO: [ app_end ] --END-- [ RunTime:0.000968s ]

[ 2017-08-17T16:47:47+08:00 ] 218.28.37.74 /weixin/index.php/Home/Wechat/getUserTags
INFO: [ app_init ] --START--
INFO: Run Behavior\BuildLiteBehavior [ RunTime:0.000021s ]
INFO: [ app_init ] --END-- [ RunTime:0.000458s ]
INFO: [ app_begin ] --START--
INFO: Run Behavior\ReadHtmlCacheBehavior [ RunTime:0.000937s ]
INFO: [ app_begin ] --END-- [ RunTime:0.001011s ]
SQL: SHOW COLUMNS FROM `token` [ RunTime:0.0019s ]
SQL: SELECT * FROM `token` WHERE `token_name` = 'access_token' LIMIT 1   [ RunTime:0.0015s ]
SQL: UPDATE `token` SET `token_value`='vL7iOEO3vBMe6TeN-yAqIxa9Kyu9PpDYInyXOY1pLukSahp4j_FlP0BT3ZGwVEHYvtX1HvlMJAoE0l3C3h_k_qUjXO3No4K3lLN5a1ucgGsAWDaAGAIEL',`token_expire`='1502966866' WHERE `token_name` = 'access_token' [ RunTime:0.0019s ]
INFO: [ app_end ] --START--
INFO: Run Behavior\ShowPageTraceBehavior [ RunTime:0.000875s ]
INFO: [ app_end ] --END-- [ RunTime:0.000965s ]

[ 2017-08-17T16:53:40+08:00 ] 218.28.37.74 /weixin/index.php/Home/Wechat/getFansList
INFO: [ app_init ] --START--
INFO: Run Behavior\BuildLiteBehavior [ RunTime:0.000020s ]
INFO: [ app_init ] --END-- [ RunTime:0.000428s ]
INFO: [ app_begin ] --START--
INFO: Run Behavior\ReadHtmlCacheBehavior [ RunTime:0.000714s ]
INFO: [ app_begin ] --END-- [ RunTime:0.000764s ]
SQL: SHOW COLUMNS FROM `token` [ RunTime:0.0017s ]
SQL: SELECT * FROM `token` WHERE `token_name` = 'access_token' LIMIT 1   [ RunTime:0.0014s ]
INFO: [ app_end ] --START--
INFO: Run Behavior\ShowPageTraceBehavior [ RunTime:0.000844s ]
INFO: [ app_end ] --END-- [ RunTime:0.000945s ]

[ 2017-08-17T16:56:34+08:00 ] 140.207.54.75 /weixin/Home/Wechat/checkSignature?signature=6a8dbf6bc0a775044b0a8b727f753c4663888d71&timestamp=1502960194&nonce=858430068&openid=oyEQ60sI4nQDWxcTQhLA-9Jl9Kng
INFO: [ app_init ] --START--
INFO: Run Behavior\BuildLiteBehavior [ RunTime:0.000021s ]
INFO: [ app_init ] --END-- [ RunTime:0.000467s ]
INFO: [ app_begin ] --START--
INFO: Run Behavior\ReadHtmlCacheBehavior [ RunTime:0.000722s ]
INFO: [ app_begin ] --END-- [ RunTime:0.000772s ]
INFO: [ app_end ] --START--
INFO: Run Behavior\ShowPageTraceBehavior [ RunTime:0.000624s ]
INFO: [ app_end ] --END-- [ RunTime:0.000684s ]

[ 2017-08-17T16:56:45+08:00 ] 140.207.54.75 /weixin/Home/Wechat/checkSignature?signature=67e3d68546f2d634f7535305956ea1e128d1981f&timestamp=1502960205&nonce=56163357&openid=oyEQ60sI4nQDWxcTQhLA-9Jl9Kng
INFO: [ app_init ] --START--
INFO: Run Behavior\BuildLiteBehavior [ RunTime:0.000019s ]
INFO: [ app_init ] --END-- [ RunTime:0.000401s ]
INFO: [ app_begin ] --START--
INFO: Run Behavior\ReadHtmlCacheBehavior [ RunTime:0.000659s ]
INFO: [ app_begin ] --END-- [ RunTime:0.000707s ]
INFO: [ app_end ] --START--
INFO: Run Behavior\ShowPageTraceBehavior [ RunTime:0.000555s ]
INFO: [ app_end ] --END-- [ RunTime:0.000606s ]

[ 2017-08-17T17:03:57+08:00 ] 218.28.37.74 /weixin/index.php/Home/Wechat/userList
INFO: [ app_init ] --START--
INFO: Run Behavior\BuildLiteBehavior [ RunTime:0.000019s ]
INFO: [ app_init ] --END-- [ RunTime:0.000414s ]
INFO: [ app_begin ] --START--
INFO: Run Behavior\ReadHtmlCacheBehavior [ RunTime:0.000668s ]
INFO: [ app_begin ] --END-- [ RunTime:0.000717s ]
INFO: [ view_parse ] --START--
INFO: [ template_filter ] --START--
INFO: Run Behavior\ContentReplaceBehavior [ RunTime:0.000045s ]
INFO: [ template_filter ] --END-- [ RunTime:0.000095s ]
NOTIC: [8] Undefined variable: userList /data/home/bxu2711760770/htdocs/weixin/Application/Runtime/Cache/Home/26ba29d9c28024b4e6bb4ea184945e1c.php 第 8 行.
INFO: Run Behavior\ParseTemplateBehavior [ RunTime:0.005944s ]
INFO: [ view_parse ] --END-- [ RunTime:0.005983s ]
INFO: [ view_filter ] --START--
INFO: Run Behavior\WriteHtmlCacheBehavior [ RunTime:0.000320s ]
INFO: [ view_filter ] --END-- [ RunTime:0.000353s ]
INFO: [ app_end ] --START--
INFO: Run Behavior\ShowPageTraceBehavior [ RunTime:0.000604s ]
INFO: [ app_end ] --END-- [ RunTime:0.000651s ]

[ 2017-08-17T17:04:12+08:00 ] 218.28.37.74 /weixin/index.php/Home/Wechat/getFansList
INFO: [ app_init ] --START--
INFO: Run Behavior\BuildLiteBehavior [ RunTime:0.000024s ]
INFO: [ app_init ] --END-- [ RunTime:0.000499s ]
INFO: [ app_begin ] --START--
INFO: Run Behavior\ReadHtmlCacheBehavior [ RunTime:0.000753s ]
INFO: [ app_begin ] --END-- [ RunTime:0.000809s ]
SQL: SHOW COLUMNS FROM `token` [ RunTime:0.0020s ]
SQL: SELECT * FROM `token` WHERE `token_name` = 'access_token' LIMIT 1   [ RunTime:0.0014s ]
ERR: 模板不存在:./Application/Home/View/Index/userList.html

[ 2017-08-17T17:04:25+08:00 ] 218.28.37.74 /weixin/index.php/Home/Wechat/getFansList
INFO: [ app_init ] --START--
INFO: Run Behavior\BuildLiteBehavior [ RunTime:0.000022s ]
INFO: [ app_init ] --END-- [ RunTime:0.000442s ]
INFO: [ app_begin ] --START--
INFO: Run Behavior\ReadHtmlCacheBehavior [ RunTime:0.000713s ]
INFO: [ app_begin ] --END-- [ RunTime:0.000780s ]
SQL: SHOW COLUMNS FROM `token` [ RunTime:0.0016s ]
SQL: SELECT * FROM `token` WHERE `token_name` = 'access_token' LIMIT 1   [ RunTime:0.0011s ]
INFO: [ view_parse ] --START--
INFO: [ template_filter ] --START--
INFO: Run Behavior\ContentReplaceBehavior [ RunTime:0.000048s ]
INFO: [ template_filter ] --END-- [ RunTime:0.000113s ]
INFO: Run Behavior\ParseTemplateBehavior [ RunTime:0.006325s ]
INFO: [ view_parse ] --END-- [ RunTime:0.006395s ]
INFO: [ view_filter ] --START--
INFO: Run Behavior\WriteHtmlCacheBehavior [ RunTime:0.000335s ]
INFO: [ view_filter ] --END-- [ RunTime:0.000368s ]
INFO: [ app_end ] --START--
INFO: Run Behavior\ShowPageTraceBehavior [ RunTime:0.000612s ]
INFO: [ app_end ] --END-- [ RunTime:0.000658s ]

[ 2017-08-17T17:07:55+08:00 ] 117.185.27.115 /weixin/Home/Wechat/checkSignature
INFO: [ app_init ] --START--
INFO: Run Behavior\BuildLiteBehavior [ RunTime:0.000020s ]
INFO: [ app_init ] --END-- [ RunTime:0.000450s ]
INFO: [ app_begin ] --START--
INFO: Run Behavior\ReadHtmlCacheBehavior [ RunTime:0.000753s ]
INFO: [ app_begin ] --END-- [ RunTime:0.000801s ]
NOTIC: [8] Undefined index: HTTP_RAW_POST_DATA /data/home/bxu2711760770/htdocs/weixin/Application/Home/Controller/WechatController.class.php 第 35 行.
NOTIC: [8] Trying to get property of non-object /data/home/bxu2711760770/htdocs/weixin/Application/Home/Controller/WechatController.class.php 第 63 行.
NOTIC: [8] Trying to get property of non-object /data/home/bxu2711760770/htdocs/weixin/Application/Home/Controller/WechatController.class.php 第 117 行.
NOTIC: [8] Trying to get property of non-object /data/home/bxu2711760770/htdocs/weixin/Application/Home/Controller/WechatController.class.php 第 140 行.
NOTIC: [8] Trying to get property of non-object /data/home/bxu2711760770/htdocs/weixin/Application/Home/Controller/WechatController.class.php 第 152 行.
INFO: [ app_end ] --START--
INFO: Run Behavior\ShowPageTraceBehavior [ RunTime:0.000628s ]
INFO: [ app_end ] --END-- [ RunTime:0.000669s ]

[ 2017-08-17T17:08:33+08:00 ] 218.28.37.74 /weixin/index.php/Home/Wechat/getUserDetail/openId/oyEQ60ok7cx48XwxwBiBoEu-750c
INFO: [ app_init ] --START--
INFO: Run Behavior\BuildLiteBehavior [ RunTime:0.000022s ]
INFO: [ app_init ] --END-- [ RunTime:0.000443s ]
INFO: [ app_begin ] --START--
INFO: Run Behavior\ReadHtmlCacheBehavior [ RunTime:0.000705s ]
INFO: [ app_begin ] --END-- [ RunTime:0.000754s ]
SQL: SHOW COLUMNS FROM `token` [ RunTime:0.0016s ]
SQL: SELECT * FROM `token` WHERE `token_name` = 'access_token' LIMIT 1   [ RunTime:0.0011s ]
INFO: [ view_parse ] --START--
INFO: [ template_filter ] --START--
INFO: Run Behavior\ContentReplaceBehavior [ RunTime:0.000047s ]
INFO: [ template_filter ] --END-- [ RunTime:0.000103s ]
INFO: Run Behavior\ParseTemplateBehavior [ RunTime:0.006999s ]
INFO: [ view_parse ] --END-- [ RunTime:0.007084s ]
INFO: [ view_filter ] --START--
INFO: Run Behavior\WriteHtmlCacheBehavior [ RunTime:0.000332s ]
INFO: [ view_filter ] --END-- [ RunTime:0.000365s ]
INFO: [ app_end ] --START--
INFO: Run Behavior\ShowPageTraceBehavior [ RunTime:0.000618s ]
INFO: [ app_end ] --END-- [ RunTime:0.000659s ]

[ 2017-08-17T17:09:06+08:00 ] 218.28.37.74 /weixin/index.php/Home/Wechat/getUserDetail/openId/oyEQ60ok7cx48XwxwBiBoEu-750c
INFO: [ app_init ] --START--
INFO: Run Behavior\BuildLiteBehavior [ RunTime:0.000021s ]
INFO: [ app_init ] --END-- [ RunTime:0.000443s ]
INFO: [ app_begin ] --START--
INFO: Run Behavior\ReadHtmlCacheBehavior [ RunTime:0.000683s ]
INFO: [ app_begin ] --END-- [ RunTime:0.000755s ]
SQL: SHOW COLUMNS FROM `token` [ RunTime:0.0018s ]
SQL: SELECT * FROM `token` WHERE `token_name` = 'access_token' LIMIT 1   [ RunTime:0.0013s ]
INFO: [ view_parse ] --START--
INFO: [ template_filter ] --START--
INFO: Run Behavior\ContentReplaceBehavior [ RunTime:0.000044s ]
INFO: [ template_filter ] --END-- [ RunTime:0.000098s ]
INFO: Run Behavior\ParseTemplateBehavior [ RunTime:0.005969s ]
INFO: [ view_parse ] --END-- [ RunTime:0.006035s ]
INFO: [ view_filter ] --START--
INFO: Run Behavior\WriteHtmlCacheBehavior [ RunTime:0.000330s ]
INFO: [ view_filter ] --END-- [ RunTime:0.000371s ]
INFO: [ app_end ] --START--
INFO: Run Behavior\ShowPageTraceBehavior [ RunTime:0.000605s ]
INFO: [ app_end ] --END-- [ RunTime:0.000646s ]

[ 2017-08-17T17:09:10+08:00 ] 218.28.37.74 /weixin/index.php/Home/Wechat/getUserDetail/openId/oyEQ60ok7cx48XwxwBiBoEu-750c
INFO: [ app_init ] --START--
INFO: Run Behavior\BuildLiteBehavior [ RunTime:0.000020s ]
INFO: [ app_init ] --END-- [ RunTime:0.000420s ]
INFO: [ app_begin ] --START--
INFO: Run Behavior\ReadHtmlCacheBehavior [ RunTime:0.000777s ]
INFO: [ app_begin ] --END-- [ RunTime:0.000837s ]
SQL: SHOW COLUMNS FROM `token` [ RunTime:0.0016s ]
SQL: SELECT * FROM `token` WHERE `token_name` = 'access_token' LIMIT 1   [ RunTime:0.0012s ]
INFO: [ view_parse ] --START--
INFO: [ template_filter ] --START--
INFO: Run Behavior\ContentReplaceBehavior [ RunTime:0.000047s ]
INFO: [ template_filter ] --END-- [ RunTime:0.000102s ]
INFO: Run Behavior\ParseTemplateBehavior [ RunTime:0.006187s ]
INFO: [ view_parse ] --END-- [ RunTime:0.006276s ]
INFO: [ view_filter ] --START--
INFO: Run Behavior\WriteHtmlCacheBehavior [ RunTime:0.000330s ]
INFO: [ view_filter ] --END-- [ RunTime:0.000362s ]
INFO: [ app_end ] --START--
INFO: Run Behavior\ShowPageTraceBehavior [ RunTime:0.000650s ]
INFO: [ app_end ] --END-- [ RunTime:0.000691s ]

[ 2017-08-17T17:09:29+08:00 ] 218.28.37.74 /weixin/index.php/Home/Wechat/getUserDetail/openId/oyEQ60ok7cx48XwxwBiBoEu-750c
INFO: [ app_init ] --START--
INFO: Run Behavior\BuildLiteBehavior [ RunTime:0.000018s ]
INFO: [ app_init ] --END-- [ RunTime:0.000434s ]
INFO: [ app_begin ] --START--
INFO: Run Behavior\ReadHtmlCacheBehavior [ RunTime:0.000760s ]
INFO: [ app_begin ] --END-- [ RunTime:0.000808s ]
SQL: SHOW COLUMNS FROM `token` [ RunTime:0.0016s ]
SQL: SELECT * FROM `token` WHERE `token_name` = 'access_token' LIMIT 1   [ RunTime:0.0012s ]
INFO: [ view_parse ] --START--
INFO: [ template_filter ] --START--
INFO: Run Behavior\ContentReplaceBehavior [ RunTime:0.000046s ]
INFO: [ template_filter ] --END-- [ RunTime:0.000105s ]
INFO: Run Behavior\ParseTemplateBehavior [ RunTime:0.006097s ]
INFO: [ view_parse ] --END-- [ RunTime:0.006163s ]
INFO: [ view_filter ] --START--
INFO: Run Behavior\WriteHtmlCacheBehavior [ RunTime:0.000323s ]
INFO: [ view_filter ] --END-- [ RunTime:0.000355s ]
INFO: [ app_end ] --START--
INFO: Run Behavior\ShowPageTraceBehavior [ RunTime:0.000620s ]
INFO: [ app_end ] --END-- [ RunTime:0.000662s ]

[ 2017-08-17T17:09:48+08:00 ] 218.28.37.74 /weixin/index.php/Home/Wechat/getUserDetail/openId/oyEQ60sI4nQDWxcTQhLA-9Jl9Kng
INFO: [ app_init ] --START--
INFO: Run Behavior\BuildLiteBehavior [ RunTime:0.000020s ]
INFO: [ app_init ] --END-- [ RunTime:0.000423s ]
INFO: [ app_begin ] --START--
INFO: Run Behavior\ReadHtmlCacheBehavior [ RunTime:0.000700s ]
INFO: [ app_begin ] --END-- [ RunTime:0.000747s ]
SQL: SHOW COLUMNS FROM `token` [ RunTime:0.0016s ]
SQL: SELECT * FROM `token` WHERE `token_name` = 'access_token' LIMIT 1   [ RunTime:0.0012s ]
INFO: [ view_parse ] --START--
INFO: [ template_filter ] --START--
INFO: Run Behavior\ContentReplaceBehavior [ RunTime:0.000069s ]
INFO: [ template_filter ] --END-- [ RunTime:0.000128s ]
INFO: Run Behavior\ParseTemplateBehavior [ RunTime:0.006044s ]
INFO: [ view_parse ] --END-- [ RunTime:0.006110s ]
INFO: [ view_filter ] --START--
INFO: Run Behavior\WriteHtmlCacheBehavior [ RunTime:0.000369s ]
INFO: [ view_filter ] --END-- [ RunTime:0.000401s ]
INFO: [ app_end ] --START--
INFO: Run Behavior\ShowPageTraceBehavior [ RunTime:0.000645s ]
INFO: [ app_end ] --END-- [ RunTime:0.000686s ]

[ 2017-08-17T17:11:09+08:00 ] 218.28.37.74 /weixin/index.php/Home/Wechat/getUserDetail/openId/oyEQ60sI4nQDWxcTQhLA-9Jl9Kng
INFO: [ app_init ] --START--
INFO: Run Behavior\BuildLiteBehavior [ RunTime:0.000019s ]
INFO: [ app_init ] --END-- [ RunTime:0.000430s ]
INFO: [ app_begin ] --START--
INFO: Run Behavior\ReadHtmlCacheBehavior [ RunTime:0.000740s ]
INFO: [ app_begin ] --END-- [ RunTime:0.000788s ]
SQL: SHOW COLUMNS FROM `token` [ RunTime:0.0015s ]
SQL: SELECT * FROM `token` WHERE `token_name` = 'access_token' LIMIT 1   [ RunTime:0.0013s ]
INFO: [ view_parse ] --START--
INFO: [ template_filter ] --START--
INFO: Run Behavior\ContentReplaceBehavior [ RunTime:0.000044s ]
INFO: [ template_filter ] --END-- [ RunTime:0.000115s ]
INFO: Run Behavior\ParseTemplateBehavior [ RunTime:0.007258s ]
INFO: [ view_parse ] --END-- [ RunTime:0.007340s ]
INFO: [ view_filter ] --START--
INFO: Run Behavior\WriteHtmlCacheBehavior [ RunTime:0.000354s ]
INFO: [ view_filter ] --END-- [ RunTime:0.000387s ]
INFO: [ app_end ] --START--
INFO: Run Behavior\ShowPageTraceBehavior [ RunTime:0.000610s ]
INFO: [ app_end ] --END-- [ RunTime:0.000651s ]

[ 2017-08-17T17:12:04+08:00 ] 218.28.37.74 /weixin/index.php/Home/Wechat/getUserDetail/openId/oyEQ60sI4nQDWxcTQhLA-9Jl9Kng
INFO: [ app_init ] --START--
INFO: Run Behavior\BuildLiteBehavior [ RunTime:0.000022s ]
INFO: [ app_init ] --END-- [ RunTime:0.000480s ]
INFO: [ app_begin ] --START--
INFO: Run Behavior\ReadHtmlCacheBehavior [ RunTime:0.000712s ]
INFO: [ app_begin ] --END-- [ RunTime:0.000759s ]
SQL: SHOW COLUMNS FROM `token` [ RunTime:0.0018s ]
SQL: SELECT * FROM `token` WHERE `token_name` = 'access_token' LIMIT 1   [ RunTime:0.0012s ]
INFO: [ view_parse ] --START--
INFO: [ template_filter ] --START--
INFO: Run Behavior\ContentReplaceBehavior [ RunTime:0.000049s ]
INFO: [ template_filter ] --END-- [ RunTime:0.000104s ]
INFO: Run Behavior\ParseTemplateBehavior [ RunTime:0.006391s ]
INFO: [ view_parse ] --END-- [ RunTime:0.006461s ]
INFO: [ view_filter ] --START--
INFO: Run Behavior\WriteHtmlCacheBehavior [ RunTime:0.000316s ]
INFO: [ view_filter ] --END-- [ RunTime:0.000348s ]
INFO: [ app_end ] --START--
INFO: Run Behavior\ShowPageTraceBehavior [ RunTime:0.000984s ]
INFO: [ app_end ] --END-- [ RunTime:0.001046s ]

[ 2017-08-17T17:12:39+08:00 ] 218.28.37.74 /weixin/index.php/Home/Wechat/getUserDetail/openId/oyEQ60sI4nQDWxcTQhLA-9Jl9Kng
INFO: [ app_init ] --START--
INFO: Run Behavior\BuildLiteBehavior [ RunTime:0.000021s ]
INFO: [ app_init ] --END-- [ RunTime:0.000414s ]
INFO: [ app_begin ] --START--
INFO: Run Behavior\ReadHtmlCacheBehavior [ RunTime:0.000674s ]
INFO: [ app_begin ] --END-- [ RunTime:0.000722s ]
SQL: SHOW COLUMNS FROM `token` [ RunTime:0.0016s ]
SQL: SELECT * FROM `token` WHERE `token_name` = 'access_token' LIMIT 1   [ RunTime:0.0014s ]
INFO: [ view_parse ] --START--
INFO: [ template_filter ] --START--
INFO: Run Behavior\ContentReplaceBehavior [ RunTime:0.000061s ]
INFO: [ template_filter ] --END-- [ RunTime:0.000131s ]
INFO: Run Behavior\ParseTemplateBehavior [ RunTime:0.006389s ]
INFO: [ view_parse ] --END-- [ RunTime:0.006455s ]
INFO: [ view_filter ] --START--
INFO: Run Behavior\WriteHtmlCacheBehavior [ RunTime:0.000338s ]
INFO: [ view_filter ] --END-- [ RunTime:0.000371s ]
INFO: [ app_end ] --START--
INFO: Run Behavior\ShowPageTraceBehavior [ RunTime:0.000607s ]
INFO: [ app_end ] --END-- [ RunTime:0.000649s ]

[ 2017-08-17T17:12:49+08:00 ] 112.65.193.14 /weixin/index.php/Home/Wechat/getUserDetail/openId/oyEQ60sI4nQDWxcTQhLA-9Jl9Kng
INFO: [ app_init ] --START--
INFO: Run Behavior\BuildLiteBehavior [ RunTime:0.000020s ]
INFO: [ app_init ] --END-- [ RunTime:0.000470s ]
INFO: [ app_begin ] --START--
INFO: Run Behavior\ReadHtmlCacheBehavior [ RunTime:0.000757s ]
INFO: [ app_begin ] --END-- [ RunTime:0.000806s ]
SQL: SHOW COLUMNS FROM `token` [ RunTime:0.0016s ]
SQL: SELECT * FROM `token` WHERE `token_name` = 'access_token' LIMIT 1   [ RunTime:0.0012s ]
INFO: [ view_parse ] --START--
INFO: [ template_filter ] --START--
INFO: Run Behavior\ContentReplaceBehavior [ RunTime:0.000045s ]
INFO: [ template_filter ] --END-- [ RunTime:0.000098s ]
INFO: Run Behavior\ParseTemplateBehavior [ RunTime:0.006104s ]
INFO: [ view_parse ] --END-- [ RunTime:0.006182s ]
INFO: [ view_filter ] --START--
INFO: Run Behavior\WriteHtmlCacheBehavior [ RunTime:0.000329s ]
INFO: [ view_filter ] --END-- [ RunTime:0.000370s ]
INFO: [ app_end ] --START--
INFO: Run Behavior\ShowPageTraceBehavior [ RunTime:0.000726s ]
INFO: [ app_end ] --END-- [ RunTime:0.000772s ]

[ 2017-08-17T17:12:51+08:00 ] 218.28.37.74 /weixin/index.php/Home/Wechat/getUserDetail/openId/oyEQ60sI4nQDWxcTQhLA-9Jl9Kng
INFO: [ app_init ] --START--
INFO: Run Behavior\BuildLiteBehavior [ RunTime:0.000021s ]
INFO: [ app_init ] --END-- [ RunTime:0.000425s ]
INFO: [ app_begin ] --START--
INFO: Run Behavior\ReadHtmlCacheBehavior [ RunTime:0.000819s ]
INFO: [ app_begin ] --END-- [ RunTime:0.000871s ]
SQL: SHOW COLUMNS FROM `token` [ RunTime:0.0017s ]
SQL: SELECT * FROM `token` WHERE `token_name` = 'access_token' LIMIT 1   [ RunTime:0.0013s ]
INFO: [ view_parse ] --START--
INFO: [ template_filter ] --START--
INFO: Run Behavior\ContentReplaceBehavior [ RunTime:0.000064s ]
INFO: [ template_filter ] --END-- [ RunTime:0.000141s ]
INFO: Run Behavior\ParseTemplateBehavior [ RunTime:0.008894s ]
INFO: [ view_parse ] --END-- [ RunTime:0.009008s ]
INFO: [ view_filter ] --START--
INFO: Run Behavior\WriteHtmlCacheBehavior [ RunTime:0.000434s ]
INFO: [ view_filter ] --END-- [ RunTime:0.000485s ]
INFO: [ app_end ] --START--
INFO: Run Behavior\ShowPageTraceBehavior [ RunTime:0.000896s ]
INFO: [ app_end ] --END-- [ RunTime:0.000956s ]

[ 2017-08-17T17:13:37+08:00 ] 218.28.37.74 /weixin/index.php/Home/Wechat/getFansList
INFO: [ app_init ] --START--
INFO: Run Behavior\BuildLiteBehavior [ RunTime:0.000020s ]
INFO: [ app_init ] --END-- [ RunTime:0.000437s ]
INFO: [ app_begin ] --START--
INFO: Run Behavior\ReadHtmlCacheBehavior [ RunTime:0.000693s ]
INFO: [ app_begin ] --END-- [ RunTime:0.000746s ]
SQL: SHOW COLUMNS FROM `token` [ RunTime:0.0018s ]
SQL: SELECT * FROM `token` WHERE `token_name` = 'access_token' LIMIT 1   [ RunTime:0.0012s ]
INFO: [ view_parse ] --START--
INFO: [ template_filter ] --START--
INFO: Run Behavior\ContentReplaceBehavior [ RunTime:0.000048s ]
INFO: [ template_filter ] --END-- [ RunTime:0.000106s ]
INFO: Run Behavior\ParseTemplateBehavior [ RunTime:0.006595s ]
INFO: [ view_parse ] --END-- [ RunTime:0.006663s ]
INFO: [ view_filter ] --START--
INFO: Run Behavior\WriteHtmlCacheBehavior [ RunTime:0.000319s ]
INFO: [ view_filter ] --END-- [ RunTime:0.000352s ]
INFO: [ app_end ] --START--
INFO: Run Behavior\ShowPageTraceBehavior [ RunTime:0.000658s ]
INFO: [ app_end ] --END-- [ RunTime:0.000704s ]

[ 2017-08-17T17:13:47+08:00 ] 218.28.37.74 /weixin/index.php/Home/Wechat/getUserDetail/openId/oyEQ60sI4nQDWxcTQhLA-9Jl9Kng
INFO: [ app_init ] --START--
INFO: Run Behavior\BuildLiteBehavior [ RunTime:0.000018s ]
INFO: [ app_init ] --END-- [ RunTime:0.000399s ]
INFO: [ app_begin ] --START--
INFO: Run Behavior\ReadHtmlCacheBehavior [ RunTime:0.000742s ]
INFO: [ app_begin ] --END-- [ RunTime:0.000796s ]
SQL: SHOW COLUMNS FROM `token` [ RunTime:0.0027s ]
SQL: SELECT * FROM `token` WHERE `token_name` = 'access_token' LIMIT 1   [ RunTime:0.0013s ]
INFO: [ view_parse ] --START--
INFO: [ template_filter ] --START--
INFO: Run Behavior\ContentReplaceBehavior [ RunTime:0.000045s ]
INFO: [ template_filter ] --END-- [ RunTime:0.000096s ]
INFO: Run Behavior\ParseTemplateBehavior [ RunTime:0.006091s ]
INFO: [ view_parse ] --END-- [ RunTime:0.006168s ]
INFO: [ view_filter ] --START--
INFO: Run Behavior\WriteHtmlCacheBehavior [ RunTime:0.000359s ]
INFO: [ view_filter ] --END-- [ RunTime:0.000393s ]
INFO: [ app_end ] --START--
INFO: Run Behavior\ShowPageTraceBehavior [ RunTime:0.000633s ]
INFO: [ app_end ] --END-- [ RunTime:0.000676s ]

[ 2017-08-17T17:14:06+08:00 ] 218.28.37.74 /weixin/index.php/Home/Wechat/getUserDetail/openId/oyEQ60sI4nQDWxcTQhLA-9Jl9Kng
INFO: [ app_init ] --START--
INFO: Run Behavior\BuildLiteBehavior [ RunTime:0.000022s ]
INFO: [ app_init ] --END-- [ RunTime:0.000490s ]
INFO: [ app_begin ] --START--
INFO: Run Behavior\ReadHtmlCacheBehavior [ RunTime:0.000778s ]
INFO: [ app_begin ] --END-- [ RunTime:0.000827s ]
SQL: SHOW COLUMNS FROM `token` [ RunTime:0.0018s ]
SQL: SELECT * FROM `token` WHERE `token_name` = 'access_token' LIMIT 1   [ RunTime:0.0016s ]
INFO: [ view_parse ] --START--
INFO: [ template_filter ] --START--
INFO: Run Behavior\ContentReplaceBehavior [ RunTime:0.000049s ]
INFO: [ template_filter ] --END-- [ RunTime:0.000125s ]
INFO: Run Behavior\ParseTemplateBehavior [ RunTime:0.006291s ]
INFO: [ view_parse ] --END-- [ RunTime:0.006359s ]
INFO: [ view_filter ] --START--
INFO: Run Behavior\WriteHtmlCacheBehavior [ RunTime:0.000331s ]
INFO: [ view_filter ] --END-- [ RunTime:0.000364s ]
INFO: [ app_end ] --START--
INFO: Run Behavior\ShowPageTraceBehavior [ RunTime:0.000680s ]
INFO: [ app_end ] --END-- [ RunTime:0.000733s ]

[ 2017-08-17T17:15:43+08:00 ] 218.28.37.74 /weixin/index.php/Home/Wechat/getUserDetail/openId/getUserDetail
INFO: [ app_init ] --START--
INFO: Run Behavior\BuildLiteBehavior [ RunTime:0.000021s ]
INFO: [ app_init ] --END-- [ RunTime:0.000469s ]
INFO: [ app_begin ] --START--
INFO: Run Behavior\ReadHtmlCacheBehavior [ RunTime:0.000735s ]
INFO: [ app_begin ] --END-- [ RunTime:0.000788s ]
SQL: SHOW COLUMNS FROM `token` [ RunTime:0.0018s ]
SQL: SELECT * FROM `token` WHERE `token_name` = 'access_token' LIMIT 1   [ RunTime:0.0013s ]
INFO: [ view_parse ] --START--
INFO: [ template_filter ] --START--
INFO: Run Behavior\ContentReplaceBehavior [ RunTime:0.000049s ]
INFO: [ template_filter ] --END-- [ RunTime:0.000127s ]
NOTIC: [8] Undefined index: nickname /data/home/bxu2711760770/htdocs/weixin/Application/Runtime/Cache/Home/47aafd7e026d9a230801db07c9944c9f.php 第 8 行.
NOTIC: [8] Undefined index: sex /data/home/bxu2711760770/htdocs/weixin/Application/Runtime/Cache/Home/47aafd7e026d9a230801db07c9944c9f.php 第 9 行.
NOTIC: [8] Undefined index: province /data/home/bxu2711760770/htdocs/weixin/Application/Runtime/Cache/Home/47aafd7e026d9a230801db07c9944c9f.php 第 10 行.
NOTIC: [8] Undefined index: city /data/home/bxu2711760770/htdocs/weixin/Application/Runtime/Cache/Home/47aafd7e026d9a230801db07c9944c9f.php 第 11 行.
NOTIC: [8] Undefined index: headimgurl /data/home/bxu2711760770/htdocs/weixin/Application/Runtime/Cache/Home/47aafd7e026d9a230801db07c9944c9f.php 第 12 行.
NOTIC: [8] Undefined index: subscribe_time /data/home/bxu2711760770/htdocs/weixin/Application/Runtime/Cache/Home/47aafd7e026d9a230801db07c9944c9f.php 第 13 行.
NOTIC: [8] Undefined index: city /data/home/bxu2711760770/htdocs/weixin/Application/Runtime/Cache/Home/47aafd7e026d9a230801db07c9944c9f.php 第 14 行.
INFO: Run Behavior\ParseTemplateBehavior [ RunTime:0.006106s ]
INFO: [ view_parse ] --END-- [ RunTime:0.006169s ]
INFO: [ view_filter ] --START--
INFO: Run Behavior\WriteHtmlCacheBehavior [ RunTime:0.000334s ]
INFO: [ view_filter ] --END-- [ RunTime:0.000366s ]
INFO: [ app_end ] --START--
INFO: Run Behavior\ShowPageTraceBehavior [ RunTime:0.000637s ]
INFO: [ app_end ] --END-- [ RunTime:0.000683s ]

[ 2017-08-17T17:16:26+08:00 ] 218.28.37.74 /weixin/index.php/Home/Wechat/getUserDetail/openId/oyEQ60ok7cx48XwxwBiBoEu-750c
INFO: [ app_init ] --START--
INFO: Run Behavior\BuildLiteBehavior [ RunTime:0.000022s ]
INFO: [ app_init ] --END-- [ RunTime:0.000446s ]
INFO: [ app_begin ] --START--
INFO: Run Behavior\ReadHtmlCacheBehavior [ RunTime:0.000772s ]
INFO: [ app_begin ] --END-- [ RunTime:0.000820s ]
SQL: SHOW COLUMNS FROM `token` [ RunTime:0.0016s ]
SQL: SELECT * FROM `token` WHERE `token_name` = 'access_token' LIMIT 1   [ RunTime:0.0013s ]
INFO: [ view_parse ] --START--
INFO: [ template_filter ] --START--
INFO: Run Behavior\ContentReplaceBehavior [ RunTime:0.000045s ]
INFO: [ template_filter ] --END-- [ RunTime:0.000102s ]
INFO: Run Behavior\ParseTemplateBehavior [ RunTime:0.007388s ]
INFO: [ view_parse ] --END-- [ RunTime:0.007471s ]
INFO: [ view_filter ] --START--
INFO: Run Behavior\WriteHtmlCacheBehavior [ RunTime:0.000337s ]
INFO: [ view_filter ] --END-- [ RunTime:0.000369s ]
INFO: [ app_end ] --START--
INFO: Run Behavior\ShowPageTraceBehavior [ RunTime:0.000702s ]
INFO: [ app_end ] --END-- [ RunTime:0.000742s ]

[ 2017-08-17T17:16:39+08:00 ] 218.28.37.74 /weixin/index.php/Home/Wechat/getUserDetail/openId/oyEQ60ok7cx48XwxwBiBoEu-750c
INFO: [ app_init ] --START--
INFO: Run Behavior\BuildLiteBehavior [ RunTime:0.000022s ]
INFO: [ app_init ] --END-- [ RunTime:0.000455s ]
INFO: [ app_begin ] --START--
INFO: Run Behavior\ReadHtmlCacheBehavior [ RunTime:0.000803s ]
INFO: [ app_begin ] --END-- [ RunTime:0.000852s ]
SQL: SHOW COLUMNS FROM `token` [ RunTime:0.0016s ]
SQL: SELECT * FROM `token` WHERE `token_name` = 'access_token' LIMIT 1   [ RunTime:0.0012s ]
INFO: [ view_parse ] --START--
INFO: [ template_filter ] --START--
INFO: Run Behavior\ContentReplaceBehavior [ RunTime:0.000045s ]
INFO: [ template_filter ] --END-- [ RunTime:0.000100s ]
INFO: Run Behavior\ParseTemplateBehavior [ RunTime:0.005949s ]
INFO: [ view_parse ] --END-- [ RunTime:0.006015s ]
INFO: [ view_filter ] --START--
INFO: Run Behavior\WriteHtmlCacheBehavior [ RunTime:0.000322s ]
INFO: [ view_filter ] --END-- [ RunTime:0.000355s ]
INFO: [ app_end ] --START--
INFO: Run Behavior\ShowPageTraceBehavior [ RunTime:0.000605s ]
INFO: [ app_end ] --END-- [ RunTime:0.000646s ]

[ 2017-08-17T17:32:15+08:00 ] 218.28.37.74 /weixin/index.php/Home/Wechat/test
INFO: [ app_init ] --START--
INFO: Run Behavior\BuildLiteBehavior [ RunTime:0.000021s ]
INFO: [ app_init ] --END-- [ RunTime:0.000440s ]
INFO: [ app_begin ] --START--
INFO: Run Behavior\ReadHtmlCacheBehavior [ RunTime:0.000697s ]
INFO: [ app_begin ] --END-- [ RunTime:0.000751s ]
SQL: SHOW COLUMNS FROM `token` [ RunTime:0.0018s ]
SQL: SELECT * FROM `token` WHERE `token_name` = 'access_token' LIMIT 1   [ RunTime:0.0011s ]
INFO: [ app_end ] --START--
INFO: Run Behavior\ShowPageTraceBehavior [ RunTime:0.000840s ]
INFO: [ app_end ] --END-- [ RunTime:0.000933s ]

[ 2017-08-17T17:37:48+08:00 ] 218.28.37.74 /weixin/index.php/Home/Wechat/responseMsg
INFO: [ app_init ] --START--
INFO: Run Behavior\BuildLiteBehavior [ RunTime:0.000021s ]
INFO: [ app_init ] --END-- [ RunTime:0.000562s ]
INFO: [ app_begin ] --START--
INFO: Run Behavior\ReadHtmlCacheBehavior [ RunTime:0.000834s ]
INFO: [ app_begin ] --END-- [ RunTime:0.000884s ]
NOTIC: [8] Undefined index: HTTP_RAW_POST_DATA /data/home/bxu2711760770/htdocs/weixin/Application/Home/Controller/WechatController.class.php 第 35 行.
NOTIC: [8] Trying to get property of non-object /data/home/bxu2711760770/htdocs/weixin/Application/Home/Controller/WechatController.class.php 第 63 行.
NOTIC: [8] Trying to get property of non-object /data/home/bxu2711760770/htdocs/weixin/Application/Home/Controller/WechatController.class.php 第 117 行.
NOTIC: [8] Trying to get property of non-object /data/home/bxu2711760770/htdocs/weixin/Application/Home/Controller/WechatController.class.php 第 140 行.
NOTIC: [8] Trying to get property of non-object /data/home/bxu2711760770/htdocs/weixin/Application/Home/Controller/WechatController.class.php 第 152 行.
INFO: [ app_end ] --START--
INFO: Run Behavior\ShowPageTraceBehavior [ RunTime:0.000680s ]
INFO: [ app_end ] --END-- [ RunTime:0.000721s ]

[ 2017-08-17T17:38:03+08:00 ] 140.207.54.76 /weixin/Home/Wechat/checkSignature?signature=a9077cf08d4a3ffbaf99412e5d6352730095b13d&timestamp=1502962683&nonce=1430583881&openid=oyEQ60ok7cx48XwxwBiBoEu-750c
INFO: [ app_init ] --START--
INFO: Run Behavior\BuildLiteBehavior [ RunTime:0.000020s ]
INFO: [ app_init ] --END-- [ RunTime:0.000477s ]
INFO: [ app_begin ] --START--
INFO: Run Behavior\ReadHtmlCacheBehavior [ RunTime:0.000694s ]
INFO: [ app_begin ] --END-- [ RunTime:0.000744s ]

[ 2017-08-17T17:38:05+08:00 ] 218.28.37.74 /weixin/index.php/Home/Wechat/responseMsg
INFO: [ app_init ] --START--
INFO: Run Behavior\BuildLiteBehavior [ RunTime:0.000017s ]
INFO: [ app_init ] --END-- [ RunTime:0.000530s ]
INFO: [ app_begin ] --START--
INFO: Run Behavior\ReadHtmlCacheBehavior [ RunTime:0.000810s ]
INFO: [ app_begin ] --END-- [ RunTime:0.000862s ]
NOTIC: [8] Undefined index: HTTP_RAW_POST_DATA /data/home/bxu2711760770/htdocs/weixin/Application/Home/Controller/WechatController.class.php 第 35 行.
NOTIC: [8] Trying to get property of non-object /data/home/bxu2711760770/htdocs/weixin/Application/Home/Controller/WechatController.class.php 第 63 行.
NOTIC: [8] Trying to get property of non-object /data/home/bxu2711760770/htdocs/weixin/Application/Home/Controller/WechatController.class.php 第 117 行.
NOTIC: [8] Trying to get property of non-object /data/home/bxu2711760770/htdocs/weixin/Application/Home/Controller/WechatController.class.php 第 140 行.
NOTIC: [8] Trying to get property of non-object /data/home/bxu2711760770/htdocs/weixin/Application/Home/Controller/WechatController.class.php 第 152 行.
INFO: [ app_end ] --START--
INFO: Run Behavior\ShowPageTraceBehavior [ RunTime:0.000809s ]
INFO: [ app_end ] --END-- [ RunTime:0.000851s ]

[ 2017-08-17T17:38:07+08:00 ] 218.28.37.74 /weixin/index.php/Home/Wechat/responseMsg
INFO: [ app_init ] --START--
INFO: Run Behavior\BuildLiteBehavior [ RunTime:0.000022s ]
INFO: [ app_init ] --END-- [ RunTime:0.000429s ]
INFO: [ app_begin ] --START--
INFO: Run Behavior\ReadHtmlCacheBehavior [ RunTime:0.000717s ]
INFO: [ app_begin ] --END-- [ RunTime:0.000765s ]
NOTIC: [8] Undefined index: HTTP_RAW_POST_DATA /data/home/bxu2711760770/htdocs/weixin/Application/Home/Controller/WechatController.class.php 第 35 行.
NOTIC: [8] Trying to get property of non-object /data/home/bxu2711760770/htdocs/weixin/Application/Home/Controller/WechatController.class.php 第 63 行.
NOTIC: [8] Trying to get property of non-object /data/home/bxu2711760770/htdocs/weixin/Application/Home/Controller/WechatController.class.php 第 117 行.
NOTIC: [8] Trying to get property of non-object /data/home/bxu2711760770/htdocs/weixin/Application/Home/Controller/WechatController.class.php 第 140 行.
NOTIC: [8] Trying to get property of non-object /data/home/bxu2711760770/htdocs/weixin/Application/Home/Controller/WechatController.class.php 第 152 行.
INFO: [ app_end ] --START--
INFO: Run Behavior\ShowPageTraceBehavior [ RunTime:0.000556s ]
INFO: [ app_end ] --END-- [ RunTime:0.000597s ]

[ 2017-08-17T17:38:08+08:00 ] 218.28.37.74 /weixin/index.php/Home/Wechat/responseMsg
INFO: [ app_init ] --START--
INFO: Run Behavior\BuildLiteBehavior [ RunTime:0.000022s ]
INFO: [ app_init ] --END-- [ RunTime:0.000509s ]
INFO: [ app_begin ] --START--
INFO: Run Behavior\ReadHtmlCacheBehavior [ RunTime:0.000680s ]
INFO: [ app_begin ] --END-- [ RunTime:0.000801s ]
NOTIC: [8] Undefined index: HTTP_RAW_POST_DATA /data/home/bxu2711760770/htdocs/weixin/Application/Home/Controller/WechatController.class.php 第 35 行.
NOTIC: [8] Trying to get property of non-object /data/home/bxu2711760770/htdocs/weixin/Application/Home/Controller/WechatController.class.php 第 63 行.
NOTIC: [8] Trying to get property of non-object /data/home/bxu2711760770/htdocs/weixin/Application/Home/Controller/WechatController.class.php 第 117 行.
NOTIC: [8] Trying to get property of non-object /data/home/bxu2711760770/htdocs/weixin/Application/Home/Controller/WechatController.class.php 第 140 行.
NOTIC: [8] Trying to get property of non-object /data/home/bxu2711760770/htdocs/weixin/Application/Home/Controller/WechatController.class.php 第 152 行.
INFO: [ app_end ] --START--
INFO: Run Behavior\ShowPageTraceBehavior [ RunTime:0.000624s ]
INFO: [ app_end ] --END-- [ RunTime:0.000668s ]

[ 2017-08-17T17:38:08+08:00 ] 218.28.37.74 /weixin/index.php/Home/Wechat/responseMsg
INFO: [ app_init ] --START--
INFO: Run Behavior\BuildLiteBehavior [ RunTime:0.000019s ]
INFO: [ app_init ] --END-- [ RunTime:0.000436s ]
INFO: [ app_begin ] --START--
INFO: Run Behavior\ReadHtmlCacheBehavior [ RunTime:0.000702s ]
INFO: [ app_begin ] --END-- [ RunTime:0.000768s ]
NOTIC: [8] Undefined index: HTTP_RAW_POST_DATA /data/home/bxu2711760770/htdocs/weixin/Application/Home/Controller/WechatController.class.php 第 35 行.
NOTIC: [8] Trying to get property of non-object /data/home/bxu2711760770/htdocs/weixin/Application/Home/Controller/WechatController.class.php 第 63 行.
NOTIC: [8] Trying to get property of non-object /data/home/bxu2711760770/htdocs/weixin/Application/Home/Controller/WechatController.class.php 第 117 行.
NOTIC: [8] Trying to get property of non-object /data/home/bxu2711760770/htdocs/weixin/Application/Home/Controller/WechatController.class.php 第 140 行.
NOTIC: [8] Trying to get property of non-object /data/home/bxu2711760770/htdocs/weixin/Application/Home/Controller/WechatController.class.php 第 152 行.
INFO: [ app_end ] --START--
INFO: Run Behavior\ShowPageTraceBehavior [ RunTime:0.000622s ]
INFO: [ app_end ] --END-- [ RunTime:0.000689s ]

[ 2017-08-17T17:38:08+08:00 ] 218.28.37.74 /weixin/index.php/Home/Wechat/responseMsg
INFO: [ app_init ] --START--
INFO: Run Behavior\BuildLiteBehavior [ RunTime:0.000061s ]
INFO: [ app_init ] --END-- [ RunTime:0.000468s ]
INFO: [ app_begin ] --START--
INFO: Run Behavior\ReadHtmlCacheBehavior [ RunTime:0.000709s ]
INFO: [ app_begin ] --END-- [ RunTime:0.000758s ]
NOTIC: [8] Undefined index: HTTP_RAW_POST_DATA /data/home/bxu2711760770/htdocs/weixin/Application/Home/Controller/WechatController.class.php 第 35 行.
NOTIC: [8] Trying to get property of non-object /data/home/bxu2711760770/htdocs/weixin/Application/Home/Controller/WechatController.class.php 第 63 行.
NOTIC: [8] Trying to get property of non-object /data/home/bxu2711760770/htdocs/weixin/Application/Home/Controller/WechatController.class.php 第 117 行.
NOTIC: [8] Trying to get property of non-object /data/home/bxu2711760770/htdocs/weixin/Application/Home/Controller/WechatController.class.php 第 140 行.
NOTIC: [8] Trying to get property of non-object /data/home/bxu2711760770/htdocs/weixin/Application/Home/Controller/WechatController.class.php 第 152 行.
INFO: [ app_end ] --START--
INFO: Run Behavior\ShowPageTraceBehavior [ RunTime:0.000543s ]
INFO: [ app_end ] --END-- [ RunTime:0.000584s ]

[ 2017-08-17T17:38:09+08:00 ] 218.28.37.74 /weixin/index.php/Home/Wechat/responseMsg
INFO: [ app_init ] --START--
INFO: Run Behavior\BuildLiteBehavior [ RunTime:0.000022s ]
INFO: [ app_init ] --END-- [ RunTime:0.000453s ]
INFO: [ app_begin ] --START--
INFO: Run Behavior\ReadHtmlCacheBehavior [ RunTime:0.000753s ]
INFO: [ app_begin ] --END-- [ RunTime:0.000802s ]
NOTIC: [8] Undefined index: HTTP_RAW_POST_DATA /data/home/bxu2711760770/htdocs/weixin/Application/Home/Controller/WechatController.class.php 第 35 行.
NOTIC: [8] Trying to get property of non-object /data/home/bxu2711760770/htdocs/weixin/Application/Home/Controller/WechatController.class.php 第 63 行.
NOTIC: [8] Trying to get property of non-object /data/home/bxu2711760770/htdocs/weixin/Application/Home/Controller/WechatController.class.php 第 117 行.
NOTIC: [8] Trying to get property of non-object /data/home/bxu2711760770/htdocs/weixin/Application/Home/Controller/WechatController.class.php 第 140 行.
NOTIC: [8] Trying to get property of non-object /data/home/bxu2711760770/htdocs/weixin/Application/Home/Controller/WechatController.class.php 第 152 行.
INFO: [ app_end ] --START--
INFO: Run Behavior\ShowPageTraceBehavior [ RunTime:0.000574s ]
INFO: [ app_end ] --END-- [ RunTime:0.000614s ]

[ 2017-08-17T17:38:19+08:00 ] 140.207.54.75 /weixin/Home/Wechat/checkSignature?signature=2b0d5b7bd667b8f13121215f0b887db38bf39aee&timestamp=1502962699&nonce=449938237&openid=oyEQ60ok7cx48XwxwBiBoEu-750c
INFO: [ app_init ] --START--
INFO: Run Behavior\BuildLiteBehavior [ RunTime:0.000022s ]
INFO: [ app_init ] --END-- [ RunTime:0.000456s ]
INFO: [ app_begin ] --START--
INFO: Run Behavior\ReadHtmlCacheBehavior [ RunTime:0.000709s ]
INFO: [ app_begin ] --END-- [ RunTime:0.000757s ]
INFO: [ app_end ] --START--
INFO: Run Behavior\ShowPageTraceBehavior [ RunTime:0.000598s ]
INFO: [ app_end ] --END-- [ RunTime:0.000650s ]

[ 2017-08-17T17:38:38+08:00 ] 140.207.54.75 /weixin/Home/Wechat/checkSignature?signature=1ef6e42b0edcb792050aa8a84a702a432dc33c82&timestamp=1502962718&nonce=867607520&openid=oyEQ60ok7cx48XwxwBiBoEu-750c
INFO: [ app_init ] --START--
INFO: Run Behavior\BuildLiteBehavior [ RunTime:0.000016s ]
INFO: [ app_init ] --END-- [ RunTime:0.000433s ]
INFO: [ app_begin ] --START--
INFO: Run Behavior\ReadHtmlCacheBehavior [ RunTime:0.000692s ]
INFO: [ app_begin ] --END-- [ RunTime:0.000740s ]
INFO: [ app_end ] --START--
INFO: Run Behavior\ShowPageTraceBehavior [ RunTime:0.000566s ]
INFO: [ app_end ] --END-- [ RunTime:0.000617s ]

[ 2017-08-17T17:40:03+08:00 ] 140.207.54.76 /weixin/Home/Wechat/checkSignature?signature=b198cf0e2cf2a2d08ef11e9637a9c757aabd2b59&timestamp=1502962803&nonce=1134217880&openid=oyEQ60ok7cx48XwxwBiBoEu-750c
INFO: [ app_init ] --START--
INFO: Run Behavior\BuildLiteBehavior [ RunTime:0.000022s ]
INFO: [ app_init ] --END-- [ RunTime:0.000474s ]
INFO: [ app_begin ] --START--
INFO: Run Behavior\ReadHtmlCacheBehavior [ RunTime:0.000703s ]
INFO: [ app_begin ] --END-- [ RunTime:0.000771s ]

[ 2017-08-17T17:40:11+08:00 ] 140.207.54.75 /weixin/Home/Wechat/checkSignature?signature=a01dd1ac378c4c7f301091062b684e9f7f15dfd4&timestamp=1502962810&nonce=1903048152&openid=oyEQ60ok7cx48XwxwBiBoEu-750c
INFO: [ app_init ] --START--
INFO: Run Behavior\BuildLiteBehavior [ RunTime:0.000019s ]
INFO: [ app_init ] --END-- [ RunTime:0.000416s ]
INFO: [ app_begin ] --START--
INFO: Run Behavior\ReadHtmlCacheBehavior [ RunTime:0.000690s ]
INFO: [ app_begin ] --END-- [ RunTime:0.000739s ]

[ 2017-08-17T17:40:17+08:00 ] 140.207.54.75 /weixin/Home/Wechat/checkSignature?signature=3971dbc5f3d67b27fd328bbf3ffb79845fcc70b9&timestamp=1502962817&nonce=1823637645&openid=oyEQ60ok7cx48XwxwBiBoEu-750c
INFO: [ app_init ] --START--
INFO: Run Behavior\BuildLiteBehavior [ RunTime:0.000023s ]
INFO: [ app_init ] --END-- [ RunTime:0.000469s ]
INFO: [ app_begin ] --START--
INFO: Run Behavior\ReadHtmlCacheBehavior [ RunTime:0.000819s ]
INFO: [ app_begin ] --END-- [ RunTime:0.000907s ]

[ 2017-08-17T17:40:26+08:00 ] 140.207.54.76 /weixin/Home/Wechat/checkSignature?signature=0065cfe97bdd4d477ed3162d34f343d96e8529e9&timestamp=1502962826&nonce=876115217&openid=oyEQ60ok7cx48XwxwBiBoEu-750c
INFO: [ app_init ] --START--
INFO: Run Behavior\BuildLiteBehavior [ RunTime:0.000020s ]
INFO: [ app_init ] --END-- [ RunTime:0.000483s ]
INFO: [ app_begin ] --START--
INFO: Run Behavior\ReadHtmlCacheBehavior [ RunTime:0.000693s ]
INFO: [ app_begin ] --END-- [ RunTime:0.000743s ]
INFO: [ app_end ] --START--
INFO: Run Behavior\ShowPageTraceBehavior [ RunTime:0.000556s ]
INFO: [ app_end ] --END-- [ RunTime:0.000615s ]

[ 2017-08-17T17:40:47+08:00 ] 140.207.54.76 /weixin/Home/Wechat/checkSignature?signature=06f2e3b6f6df9438b7761229973728c62d39e8cf&timestamp=1502962847&nonce=1718181619&openid=oyEQ60ok7cx48XwxwBiBoEu-750c
INFO: [ app_init ] --START--
INFO: Run Behavior\BuildLiteBehavior [ RunTime:0.000018s ]
INFO: [ app_init ] --END-- [ RunTime:0.000424s ]
INFO: [ app_begin ] --START--
INFO: Run Behavior\ReadHtmlCacheBehavior [ RunTime:0.000676s ]
INFO: [ app_begin ] --END-- [ RunTime:0.000725s ]

[ 2017-08-17T17:40:54+08:00 ] 140.207.54.76 /weixin/Home/Wechat/checkSignature?signature=f672756759400c4532636ecdfe71a1d7b70a90e4&timestamp=1502962854&nonce=1440647765&openid=oyEQ60ok7cx48XwxwBiBoEu-750c
INFO: [ app_init ] --START--
INFO: Run Behavior\BuildLiteBehavior [ RunTime:0.000018s ]
INFO: [ app_init ] --END-- [ RunTime:0.000422s ]
INFO: [ app_begin ] --START--
INFO: Run Behavior\ReadHtmlCacheBehavior [ RunTime:0.000686s ]
INFO: [ app_begin ] --END-- [ RunTime:0.000735s ]

[ 2017-08-17T17:40:56+08:00 ] 140.207.54.75 /weixin/Home/Wechat/checkSignature?signature=65d44387287d62baf579059902346e903af33c22&timestamp=1502962856&nonce=1908818441&openid=oyEQ60ok7cx48XwxwBiBoEu-750c
INFO: [ app_init ] --START--
INFO: Run Behavior\BuildLiteBehavior [ RunTime:0.000019s ]
INFO: [ app_init ] --END-- [ RunTime:0.000500s ]
INFO: [ app_begin ] --START--
INFO: Run Behavior\ReadHtmlCacheBehavior [ RunTime:0.000728s ]
INFO: [ app_begin ] --END-- [ RunTime:0.000778s ]

[ 2017-08-17T17:40:59+08:00 ] 140.207.54.75 /weixin/Home/Wechat/checkSignature?signature=a28580277ab50c88a1e8ae545370211915d30fe3&timestamp=1502962858&nonce=304717139&openid=oyEQ60ok7cx48XwxwBiBoEu-750c
INFO: [ app_init ] --START--
INFO: Run Behavior\BuildLiteBehavior [ RunTime:0.000022s ]
INFO: [ app_init ] --END-- [ RunTime:0.000481s ]
INFO: [ app_begin ] --START--
INFO: Run Behavior\ReadHtmlCacheBehavior [ RunTime:0.000740s ]
INFO: [ app_begin ] --END-- [ RunTime:0.000789s ]
INFO: [ app_end ] --START--
INFO: Run Behavior\ShowPageTraceBehavior [ RunTime:0.000561s ]
INFO: [ app_end ] --END-- [ RunTime:0.000613s ]

