[ 2017-05-09T09:40:32+08:00 ] ::1 /thinkphp/all/excel/
INFO: [ app_init ] --START--
INFO: Run Behavior\BuildLiteBehavior [ RunTime:0.000000s ]
INFO: [ app_init ] --END-- [ RunTime:0.001000s ]
INFO: [ app_begin ] --START--
INFO: Run Behavior\ReadHtmlCacheBehavior [ RunTime:0.000000s ]
INFO: [ app_begin ] --END-- [ RunTime:0.000000s ]
INFO: [ view_parse ] --START--
INFO: [ template_filter ] --START--
INFO: Run Behavior\ContentReplaceBehavior [ RunTime:0.001000s ]
INFO: [ template_filter ] --END-- [ RunTime:0.001000s ]
INFO: Run Behavior\ParseTemplateBehavior [ RunTime:0.005001s ]
INFO: [ view_parse ] --END-- [ RunTime:0.005001s ]
INFO: [ view_filter ] --START--
INFO: Run Behavior\WriteHtmlCacheBehavior [ RunTime:0.001000s ]
INFO: [ view_filter ] --END-- [ RunTime:0.001000s ]
INFO: [ app_end ] --START--
INFO: Run Behavior\ShowPageTraceBehavior [ RunTime:0.000000s ]
INFO: [ app_end ] --END-- [ RunTime:0.000000s ]

[ 2017-05-09T09:40:47+08:00 ] ::1 /thinkphp/all/excel/index.php/Home/Index/eximport
INFO: [ app_init ] --START--
INFO: Run Behavior\BuildLiteBehavior [ RunTime:0.000000s ]
INFO: [ app_init ] --END-- [ RunTime:0.000000s ]
INFO: [ app_begin ] --START--
INFO: Run Behavior\ReadHtmlCacheBehavior [ RunTime:0.001000s ]
INFO: [ app_begin ] --END-- [ RunTime:0.001000s ]
NOTIC: [2] call_user_func() expects parameter 1 to be a valid callback, no array or string given D:\WWW\thinkphp\all\excel\ThinkPHP\Library\Think\Upload.class.php 第 170 行.
ERR: The filename ./Public//excel/2017-05-09/59111e1fa4849.xlsx is not recognised as an OLE file

[ 2017-05-09T09:45:18+08:00 ] ::1 /thinkphp/all/excel/
INFO: [ app_init ] --START--
INFO: Run Behavior\BuildLiteBehavior [ RunTime:0.000000s ]
INFO: [ app_init ] --END-- [ RunTime:0.001000s ]
INFO: [ app_begin ] --START--
INFO: Run Behavior\ReadHtmlCacheBehavior [ RunTime:0.001000s ]
INFO: [ app_begin ] --END-- [ RunTime:0.001000s ]
INFO: [ view_parse ] --START--
INFO: [ template_filter ] --START--
INFO: Run Behavior\ContentReplaceBehavior [ RunTime:0.000000s ]
INFO: [ template_filter ] --END-- [ RunTime:0.000000s ]
INFO: Run Behavior\ParseTemplateBehavior [ RunTime:0.008000s ]
INFO: [ view_parse ] --END-- [ RunTime:0.008000s ]
INFO: [ view_filter ] --START--
INFO: Run Behavior\WriteHtmlCacheBehavior [ RunTime:0.000000s ]
INFO: [ view_filter ] --END-- [ RunTime:0.000000s ]
INFO: [ app_end ] --START--
INFO: Run Behavior\ShowPageTraceBehavior [ RunTime:0.001001s ]
INFO: [ app_end ] --END-- [ RunTime:0.001001s ]

[ 2017-05-09T09:45:24+08:00 ] ::1 /thinkphp/all/excel/index.php/Home/Index/eximport
INFO: [ app_init ] --START--
INFO: Run Behavior\BuildLiteBehavior [ RunTime:0.000000s ]
INFO: [ app_init ] --END-- [ RunTime:0.000000s ]
INFO: [ app_begin ] --START--
INFO: Run Behavior\ReadHtmlCacheBehavior [ RunTime:0.000000s ]
INFO: [ app_begin ] --END-- [ RunTime:0.000000s ]
NOTIC: [2] call_user_func() expects parameter 1 to be a valid callback, no array or string given D:\WWW\thinkphp\all\excel\ThinkPHP\Library\Think\Upload.class.php 第 170 行.
ERR: The filename ./Public//excel/2017-05-09/59111f34b4926.xlsx is not recognised as an OLE file

[ 2017-05-09T09:46:51+08:00 ] ::1 /thinkphp/all/excel/index.php/Home/Index/eximport
INFO: [ app_init ] --START--
INFO: Run Behavior\BuildLiteBehavior [ RunTime:0.001000s ]
INFO: [ app_init ] --END-- [ RunTime:0.001000s ]
INFO: [ app_begin ] --START--
INFO: Run Behavior\ReadHtmlCacheBehavior [ RunTime:0.000000s ]
INFO: [ app_begin ] --END-- [ RunTime:0.000000s ]
NOTIC: [2] call_user_func() expects parameter 1 to be a valid callback, no array or string given D:\WWW\thinkphp\all\excel\ThinkPHP\Library\Think\Upload.class.php 第 170 行.
ERR: The filename ./Public/excel/2017-05-09/59111f8b81a40.xlsx is not recognised as an OLE file

[ 2017-05-09T09:48:32+08:00 ] ::1 /thinkphp/all/excel/index.php/Home/Index/eximport
INFO: [ app_init ] --START--
INFO: Run Behavior\BuildLiteBehavior [ RunTime:0.000000s ]
INFO: [ app_init ] --END-- [ RunTime:0.000000s ]
INFO: [ app_begin ] --START--
INFO: Run Behavior\ReadHtmlCacheBehavior [ RunTime:0.000000s ]
INFO: [ app_begin ] --END-- [ RunTime:0.001000s ]
NOTIC: [2] call_user_func() expects parameter 1 to be a valid callback, no array or string given D:\WWW\thinkphp\all\excel\ThinkPHP\Library\Think\Upload.class.php 第 170 行.
NOTIC: [8] Undefined variable: options D:\WWW\thinkphp\all\excel\ThinkPHP\Library\Vendor\PHPExcel\PHPExcel\Settings.php 第 384 行.
NOTIC: [8] Undefined variable: options D:\WWW\thinkphp\all\excel\ThinkPHP\Library\Vendor\PHPExcel\PHPExcel\Settings.php 第 384 行.
NOTIC: [8] Undefined variable: options D:\WWW\thinkphp\all\excel\ThinkPHP\Library\Vendor\PHPExcel\PHPExcel\Settings.php 第 384 行.
NOTIC: [8] Undefined variable: options D:\WWW\thinkphp\all\excel\ThinkPHP\Library\Vendor\PHPExcel\PHPExcel\Settings.php 第 384 行.
NOTIC: [8] Undefined variable: options D:\WWW\thinkphp\all\excel\ThinkPHP\Library\Vendor\PHPExcel\PHPExcel\Settings.php 第 384 行.
NOTIC: [8] Undefined variable: options D:\WWW\thinkphp\all\excel\ThinkPHP\Library\Vendor\PHPExcel\PHPExcel\Settings.php 第 384 行.
NOTIC: [8] Undefined variable: options D:\WWW\thinkphp\all\excel\ThinkPHP\Library\Vendor\PHPExcel\PHPExcel\Settings.php 第 384 行.
NOTIC: [8] Undefined variable: options D:\WWW\thinkphp\all\excel\ThinkPHP\Library\Vendor\PHPExcel\PHPExcel\Settings.php 第 384 行.
NOTIC: [8] Undefined variable: options D:\WWW\thinkphp\all\excel\ThinkPHP\Library\Vendor\PHPExcel\PHPExcel\Settings.php 第 384 行.
NOTIC: [8] Undefined variable: options D:\WWW\thinkphp\all\excel\ThinkPHP\Library\Vendor\PHPExcel\PHPExcel\Settings.php 第 384 行.
NOTIC: [8] Undefined variable: options D:\WWW\thinkphp\all\excel\ThinkPHP\Library\Vendor\PHPExcel\PHPExcel\Settings.php 第 384 行.
NOTIC: [8] Undefined variable: options D:\WWW\thinkphp\all\excel\ThinkPHP\Library\Vendor\PHPExcel\PHPExcel\Settings.php 第 384 行.
NOTIC: [8] Undefined variable: options D:\WWW\thinkphp\all\excel\ThinkPHP\Library\Vendor\PHPExcel\PHPExcel\Settings.php 第 384 行.
NOTIC: [8] Undefined variable: options D:\WWW\thinkphp\all\excel\ThinkPHP\Library\Vendor\PHPExcel\PHPExcel\Settings.php 第 384 行.
SQL: SHOW COLUMNS FROM `dc` [ RunTime:0.0010s ]
SQL: INSERT INTO `dc` (`username`,`money`,`time`) VALUES ('密码','生日','0') [ RunTime:0.0200s ]
SQL: INSERT INTO `dc` (`username`,`money`,`time`) VALUES ('123','33052','0') [ RunTime:0.0200s ]
SQL: INSERT INTO `dc` (`username`,`money`,`time`) VALUES ('124','33053','0') [ RunTime:0.0180s ]
SQL: INSERT INTO `dc` (`username`,`money`,`time`) VALUES ('125','33054','0') [ RunTime:0.0220s ]
SQL: INSERT INTO `dc` (`username`,`money`,`time`) VALUES ('126','33055','0') [ RunTime:0.0200s ]
SQL: INSERT INTO `dc` (`username`,`money`,`time`) VALUES ('127','33056','0') [ RunTime:0.0190s ]
SQL: INSERT INTO `dc` (`username`,`money`,`time`) VALUES ('128','33057','0') [ RunTime:0.0180s ]
SQL: INSERT INTO `dc` (`username`,`money`,`time`) VALUES ('129','33058','0') [ RunTime:0.0220s ]
SQL: INSERT INTO `dc` (`username`,`money`,`time`) VALUES ('130','33059','0') [ RunTime:0.0170s ]
SQL: INSERT INTO `dc` (`username`,`money`,`time`) VALUES ('131','33060','0') [ RunTime:0.0220s ]
SQL: INSERT INTO `dc` (`username`,`money`,`time`) VALUES ('132','33061','0') [ RunTime:0.0300s ]
SQL: INSERT INTO `dc` (`username`,`money`,`time`) VALUES ('133','33062','0') [ RunTime:0.1010s ]
SQL: INSERT INTO `dc` (`username`,`money`,`time`) VALUES ('134','33063','0') [ RunTime:0.0170s ]
SQL: INSERT INTO `dc` (`username`,`money`,`time`) VALUES ('135','33064','0') [ RunTime:0.0220s ]
SQL: INSERT INTO `dc` (`username`,`money`,`time`) VALUES ('136','33065','0') [ RunTime:0.0180s ]
INFO: [ view_parse ] --START--
INFO: [ template_filter ] --START--
INFO: Run Behavior\ContentReplaceBehavior [ RunTime:0.000000s ]
INFO: [ template_filter ] --END-- [ RunTime:0.000000s ]
INFO: Run Behavior\ParseTemplateBehavior [ RunTime:0.030002s ]
INFO: [ view_parse ] --END-- [ RunTime:0.030002s ]
INFO: [ view_filter ] --START--
INFO: Run Behavior\WriteHtmlCacheBehavior [ RunTime:0.000000s ]
INFO: [ view_filter ] --END-- [ RunTime:0.001000s ]
INFO: [ app_end ] --START--
INFO: Run Behavior\ShowPageTraceBehavior [ RunTime:0.001000s ]
INFO: [ app_end ] --END-- [ RunTime:0.001000s ]

[ 2017-05-09T09:48:33+08:00 ] ::1 /thinkphp/all/excel/
INFO: [ app_init ] --START--
INFO: Run Behavior\BuildLiteBehavior [ RunTime:0.000000s ]
INFO: [ app_init ] --END-- [ RunTime:0.000000s ]
INFO: [ app_begin ] --START--
INFO: Run Behavior\ReadHtmlCacheBehavior [ RunTime:0.001000s ]
INFO: [ app_begin ] --END-- [ RunTime:0.001000s ]
INFO: [ view_parse ] --START--
INFO: [ template_filter ] --START--
INFO: Run Behavior\ContentReplaceBehavior [ RunTime:0.000000s ]
INFO: [ template_filter ] --END-- [ RunTime:0.000000s ]
INFO: Run Behavior\ParseTemplateBehavior [ RunTime:0.006000s ]
INFO: [ view_parse ] --END-- [ RunTime:0.006000s ]
INFO: [ view_filter ] --START--
INFO: Run Behavior\WriteHtmlCacheBehavior [ RunTime:0.000000s ]
INFO: [ view_filter ] --END-- [ RunTime:0.000000s ]
INFO: [ app_end ] --START--
INFO: Run Behavior\ShowPageTraceBehavior [ RunTime:0.001001s ]
INFO: [ app_end ] --END-- [ RunTime:0.001001s ]

[ 2017-05-09T09:48:53+08:00 ] ::1 /thinkphp/all/excel/index.php/Home/Index/export
INFO: [ app_init ] --START--
INFO: Run Behavior\BuildLiteBehavior [ RunTime:0.000000s ]
INFO: [ app_init ] --END-- [ RunTime:0.000000s ]
INFO: [ app_begin ] --START--
INFO: Run Behavior\ReadHtmlCacheBehavior [ RunTime:0.001000s ]
INFO: [ app_begin ] --END-- [ RunTime:0.001000s ]
SQL: SHOW COLUMNS FROM `dc` [ RunTime:0.0020s ]
SQL: SELECT * FROM `dc`  [ RunTime:0.0000s ]
INFO: [ app_end ] --START--
INFO: Run Behavior\ShowPageTraceBehavior [ RunTime:0.000000s ]
INFO: [ app_end ] --END-- [ RunTime:0.000000s ]

[ 2017-05-09T10:14:07+08:00 ] ::1 /thinkphp/all/excel/
INFO: [ app_init ] --START--
INFO: Run Behavior\BuildLiteBehavior [ RunTime:0.000000s ]
INFO: [ app_init ] --END-- [ RunTime:0.000000s ]
INFO: [ app_begin ] --START--
INFO: Run Behavior\ReadHtmlCacheBehavior [ RunTime:0.001000s ]
INFO: [ app_begin ] --END-- [ RunTime:0.001000s ]
INFO: [ view_parse ] --START--
INFO: [ template_filter ] --START--
INFO: Run Behavior\ContentReplaceBehavior [ RunTime:0.000000s ]
INFO: [ template_filter ] --END-- [ RunTime:0.000000s ]
INFO: Run Behavior\ParseTemplateBehavior [ RunTime:0.011000s ]
INFO: [ view_parse ] --END-- [ RunTime:0.011000s ]
INFO: [ view_filter ] --START--
INFO: Run Behavior\WriteHtmlCacheBehavior [ RunTime:0.009001s ]
INFO: [ view_filter ] --END-- [ RunTime:0.009001s ]
INFO: [ app_end ] --START--
INFO: Run Behavior\ShowPageTraceBehavior [ RunTime:0.002000s ]
INFO: [ app_end ] --END-- [ RunTime:0.002000s ]

[ 2017-05-09T10:14:12+08:00 ] ::1 /thinkphp/all/excel/index.php/Home/Index/export
INFO: [ app_init ] --START--
INFO: Run Behavior\BuildLiteBehavior [ RunTime:0.000000s ]
INFO: [ app_init ] --END-- [ RunTime:0.001001s ]
INFO: [ app_begin ] --START--
INFO: Run Behavior\ReadHtmlCacheBehavior [ RunTime:0.001000s ]
INFO: [ app_begin ] --END-- [ RunTime:0.001000s ]
SQL: SHOW COLUMNS FROM `dc` [ RunTime:0.0110s ]
SQL: SELECT * FROM `dc`  [ RunTime:0.0000s ]
INFO: [ app_end ] --START--
INFO: Run Behavior\ShowPageTraceBehavior [ RunTime:0.001000s ]
INFO: [ app_end ] --END-- [ RunTime:0.001000s ]

[ 2017-05-09T10:14:30+08:00 ] ::1 /thinkphp/all/excel/index.php/Home/Index/eximport
INFO: [ app_init ] --START--
INFO: Run Behavior\BuildLiteBehavior [ RunTime:0.000000s ]
INFO: [ app_init ] --END-- [ RunTime:0.001000s ]
INFO: [ app_begin ] --START--
INFO: Run Behavior\ReadHtmlCacheBehavior [ RunTime:0.001000s ]
INFO: [ app_begin ] --END-- [ RunTime:0.001000s ]
NOTIC: [2] call_user_func() expects parameter 1 to be a valid callback, no array or string given D:\WWW\thinkphp\all\excel\ThinkPHP\Library\Think\Upload.class.php 第 170 行.
NOTIC: [8] Undefined variable: options D:\WWW\thinkphp\all\excel\ThinkPHP\Library\Vendor\PHPExcel\PHPExcel\Settings.php 第 384 行.
NOTIC: [8] Undefined variable: options D:\WWW\thinkphp\all\excel\ThinkPHP\Library\Vendor\PHPExcel\PHPExcel\Settings.php 第 384 行.
NOTIC: [8] Undefined variable: options D:\WWW\thinkphp\all\excel\ThinkPHP\Library\Vendor\PHPExcel\PHPExcel\Settings.php 第 384 行.
NOTIC: [8] Undefined variable: options D:\WWW\thinkphp\all\excel\ThinkPHP\Library\Vendor\PHPExcel\PHPExcel\Settings.php 第 384 行.
NOTIC: [8] Undefined variable: options D:\WWW\thinkphp\all\excel\ThinkPHP\Library\Vendor\PHPExcel\PHPExcel\Settings.php 第 384 行.
NOTIC: [8] Undefined variable: options D:\WWW\thinkphp\all\excel\ThinkPHP\Library\Vendor\PHPExcel\PHPExcel\Settings.php 第 384 行.
NOTIC: [8] Undefined variable: options D:\WWW\thinkphp\all\excel\ThinkPHP\Library\Vendor\PHPExcel\PHPExcel\Settings.php 第 384 行.
NOTIC: [8] Undefined variable: options D:\WWW\thinkphp\all\excel\ThinkPHP\Library\Vendor\PHPExcel\PHPExcel\Settings.php 第 384 行.
NOTIC: [8] Undefined variable: options D:\WWW\thinkphp\all\excel\ThinkPHP\Library\Vendor\PHPExcel\PHPExcel\Settings.php 第 384 行.
NOTIC: [8] Undefined variable: options D:\WWW\thinkphp\all\excel\ThinkPHP\Library\Vendor\PHPExcel\PHPExcel\Settings.php 第 384 行.
NOTIC: [8] Undefined variable: options D:\WWW\thinkphp\all\excel\ThinkPHP\Library\Vendor\PHPExcel\PHPExcel\Settings.php 第 384 行.
NOTIC: [8] Undefined variable: options D:\WWW\thinkphp\all\excel\ThinkPHP\Library\Vendor\PHPExcel\PHPExcel\Settings.php 第 384 行.
NOTIC: [8] Undefined variable: options D:\WWW\thinkphp\all\excel\ThinkPHP\Library\Vendor\PHPExcel\PHPExcel\Settings.php 第 384 行.
NOTIC: [8] Undefined variable: options D:\WWW\thinkphp\all\excel\ThinkPHP\Library\Vendor\PHPExcel\PHPExcel\Settings.php 第 384 行.
SQL: SHOW COLUMNS FROM `dc` [ RunTime:0.0020s ]
SQL: INSERT INTO `dc` (`username`,`money`,`time`) VALUES ('密码','生日','0') [ RunTime:0.0310s ]
SQL: INSERT INTO `dc` (`username`,`money`,`time`) VALUES ('123','33052','0') [ RunTime:0.0250s ]
SQL: INSERT INTO `dc` (`username`,`money`,`time`) VALUES ('124','33053','0') [ RunTime:0.0180s ]
SQL: INSERT INTO `dc` (`username`,`money`,`time`) VALUES ('125','33054','0') [ RunTime:0.0220s ]
SQL: INSERT INTO `dc` (`username`,`money`,`time`) VALUES ('126','33055','0') [ RunTime:0.0260s ]
SQL: INSERT INTO `dc` (`username`,`money`,`time`) VALUES ('127','33056','0') [ RunTime:0.0240s ]
SQL: INSERT INTO `dc` (`username`,`money`,`time`) VALUES ('128','33057','0') [ RunTime:0.0180s ]
SQL: INSERT INTO `dc` (`username`,`money`,`time`) VALUES ('129','33058','0') [ RunTime:0.0210s ]
SQL: INSERT INTO `dc` (`username`,`money`,`time`) VALUES ('130','33059','0') [ RunTime:0.0170s ]
SQL: INSERT INTO `dc` (`username`,`money`,`time`) VALUES ('131','33060','0') [ RunTime:0.0220s ]
SQL: INSERT INTO `dc` (`username`,`money`,`time`) VALUES ('132','33061','0') [ RunTime:0.0260s ]
SQL: INSERT INTO `dc` (`username`,`money`,`time`) VALUES ('133','33062','0') [ RunTime:0.0230s ]
SQL: INSERT INTO `dc` (`username`,`money`,`time`) VALUES ('134','33063','0') [ RunTime:0.0180s ]
SQL: INSERT INTO `dc` (`username`,`money`,`time`) VALUES ('135','33064','0') [ RunTime:0.0210s ]
SQL: INSERT INTO `dc` (`username`,`money`,`time`) VALUES ('136','33065','0') [ RunTime:0.0170s ]
INFO: [ view_parse ] --START--
INFO: [ template_filter ] --START--
INFO: Run Behavior\ContentReplaceBehavior [ RunTime:0.000000s ]
INFO: [ template_filter ] --END-- [ RunTime:0.000000s ]
INFO: Run Behavior\ParseTemplateBehavior [ RunTime:0.028002s ]
INFO: [ view_parse ] --END-- [ RunTime:0.028002s ]
INFO: [ view_filter ] --START--
INFO: Run Behavior\WriteHtmlCacheBehavior [ RunTime:0.001000s ]
INFO: [ view_filter ] --END-- [ RunTime:0.001000s ]
INFO: [ app_end ] --START--
INFO: Run Behavior\ShowPageTraceBehavior [ RunTime:0.001000s ]
INFO: [ app_end ] --END-- [ RunTime:0.002000s ]

[ 2017-05-09T10:14:31+08:00 ] ::1 /thinkphp/all/excel/
INFO: [ app_init ] --START--
INFO: Run Behavior\BuildLiteBehavior [ RunTime:0.000000s ]
INFO: [ app_init ] --END-- [ RunTime:0.000000s ]
INFO: [ app_begin ] --START--
INFO: Run Behavior\ReadHtmlCacheBehavior [ RunTime:0.001000s ]
INFO: [ app_begin ] --END-- [ RunTime:0.001000s ]
INFO: [ view_parse ] --START--
INFO: [ template_filter ] --START--
INFO: Run Behavior\ContentReplaceBehavior [ RunTime:0.000000s ]
INFO: [ template_filter ] --END-- [ RunTime:0.000000s ]
INFO: Run Behavior\ParseTemplateBehavior [ RunTime:0.007001s ]
INFO: [ view_parse ] --END-- [ RunTime:0.007001s ]
INFO: [ view_filter ] --START--
INFO: Run Behavior\WriteHtmlCacheBehavior [ RunTime:0.000000s ]
INFO: [ view_filter ] --END-- [ RunTime:0.000000s ]
INFO: [ app_end ] --START--
INFO: Run Behavior\ShowPageTraceBehavior [ RunTime:0.001000s ]
INFO: [ app_end ] --END-- [ RunTime:0.001000s ]

[ 2017-05-09T10:14:55+08:00 ] ::1 /thinkphp/all/excel/index.php/Home/Index/eximport
INFO: [ app_init ] --START--
INFO: Run Behavior\BuildLiteBehavior [ RunTime:0.000000s ]
INFO: [ app_init ] --END-- [ RunTime:0.001000s ]
INFO: [ app_begin ] --START--
INFO: Run Behavior\ReadHtmlCacheBehavior [ RunTime:0.002000s ]
INFO: [ app_begin ] --END-- [ RunTime:0.002000s ]
NOTIC: [2] call_user_func() expects parameter 1 to be a valid callback, no array or string given D:\WWW\thinkphp\all\excel\ThinkPHP\Library\Think\Upload.class.php 第 170 行.
ERR: The filename ./Public/excel/2017-05-09/5911261f9200a.xls is not recognised as an OLE file

[ 2017-05-09T10:15:50+08:00 ] ::1 /thinkphp/all/excel/index.php/Home/Index/eximport
INFO: [ app_init ] --START--
INFO: Run Behavior\BuildLiteBehavior [ RunTime:0.000000s ]
INFO: [ app_init ] --END-- [ RunTime:0.000000s ]
INFO: [ app_begin ] --START--
INFO: Run Behavior\ReadHtmlCacheBehavior [ RunTime:0.000000s ]
INFO: [ app_begin ] --END-- [ RunTime:0.000000s ]
NOTIC: [2] call_user_func() expects parameter 1 to be a valid callback, no array or string given D:\WWW\thinkphp\all\excel\ThinkPHP\Library\Think\Upload.class.php 第 170 行.
SQL: SHOW COLUMNS FROM `dc` [ RunTime:0.0020s ]
SQL: INSERT INTO `dc` (`username`,`money`,`time`) VALUES ('密码','生日','0') [ RunTime:0.0270s ]
SQL: INSERT INTO `dc` (`username`,`money`,`time`) VALUES ('123','33052','0') [ RunTime:0.0200s ]
SQL: INSERT INTO `dc` (`username`,`money`,`time`) VALUES ('124','33053','0') [ RunTime:0.0200s ]
SQL: INSERT INTO `dc` (`username`,`money`,`time`) VALUES ('125','33054','0') [ RunTime:0.0180s ]
SQL: INSERT INTO `dc` (`username`,`money`,`time`) VALUES ('126','33055','0') [ RunTime:0.0300s ]
SQL: INSERT INTO `dc` (`username`,`money`,`time`) VALUES ('127','33056','0') [ RunTime:0.0220s ]
SQL: INSERT INTO `dc` (`username`,`money`,`time`) VALUES ('128','33057','0') [ RunTime:0.0180s ]
SQL: INSERT INTO `dc` (`username`,`money`,`time`) VALUES ('129','33058','0') [ RunTime:0.0220s ]
SQL: INSERT INTO `dc` (`username`,`money`,`time`) VALUES ('130','33059','0') [ RunTime:0.0180s ]
SQL: INSERT INTO `dc` (`username`,`money`,`time`) VALUES ('131','33060','0') [ RunTime:0.0220s ]
SQL: INSERT INTO `dc` (`username`,`money`,`time`) VALUES ('132','33061','0') [ RunTime:0.0170s ]
SQL: INSERT INTO `dc` (`username`,`money`,`time`) VALUES ('133','33062','0') [ RunTime:0.0220s ]
SQL: INSERT INTO `dc` (`username`,`money`,`time`) VALUES ('134','33063','0') [ RunTime:0.0180s ]
SQL: INSERT INTO `dc` (`username`,`money`,`time`) VALUES ('135','33064','0') [ RunTime:0.0220s ]
SQL: INSERT INTO `dc` (`username`,`money`,`time`) VALUES ('136','33065','0') [ RunTime:0.0170s ]
INFO: [ view_parse ] --START--
INFO: [ template_filter ] --START--
INFO: Run Behavior\ContentReplaceBehavior [ RunTime:0.000000s ]
INFO: [ template_filter ] --END-- [ RunTime:0.000000s ]
INFO: Run Behavior\ParseTemplateBehavior [ RunTime:0.009001s ]
INFO: [ view_parse ] --END-- [ RunTime:0.009001s ]
INFO: [ view_filter ] --START--
INFO: Run Behavior\WriteHtmlCacheBehavior [ RunTime:0.000000s ]
INFO: [ view_filter ] --END-- [ RunTime:0.000000s ]
INFO: [ app_end ] --START--
INFO: Run Behavior\ShowPageTraceBehavior [ RunTime:0.001000s ]
INFO: [ app_end ] --END-- [ RunTime:0.001000s ]

[ 2017-05-09T10:15:52+08:00 ] ::1 /thinkphp/all/excel/
INFO: [ app_init ] --START--
INFO: Run Behavior\BuildLiteBehavior [ RunTime:0.000000s ]
INFO: [ app_init ] --END-- [ RunTime:0.000000s ]
INFO: [ app_begin ] --START--
INFO: Run Behavior\ReadHtmlCacheBehavior [ RunTime:0.001000s ]
INFO: [ app_begin ] --END-- [ RunTime:0.001000s ]
INFO: [ view_parse ] --START--
INFO: [ template_filter ] --START--
INFO: Run Behavior\ContentReplaceBehavior [ RunTime:0.000000s ]
INFO: [ template_filter ] --END-- [ RunTime:0.000000s ]
INFO: Run Behavior\ParseTemplateBehavior [ RunTime:0.005000s ]
INFO: [ view_parse ] --END-- [ RunTime:0.005000s ]
INFO: [ view_filter ] --START--
INFO: Run Behavior\WriteHtmlCacheBehavior [ RunTime:0.001000s ]
INFO: [ view_filter ] --END-- [ RunTime:0.001000s ]
INFO: [ app_end ] --START--
INFO: Run Behavior\ShowPageTraceBehavior [ RunTime:0.000000s ]
INFO: [ app_end ] --END-- [ RunTime:0.000000s ]

[ 2017-05-09T10:15:55+08:00 ] ::1 /thinkphp/all/excel/
INFO: [ app_init ] --START--
INFO: Run Behavior\BuildLiteBehavior [ RunTime:0.000000s ]
INFO: [ app_init ] --END-- [ RunTime:0.000000s ]
INFO: [ app_begin ] --START--
INFO: Run Behavior\ReadHtmlCacheBehavior [ RunTime:0.001000s ]
INFO: [ app_begin ] --END-- [ RunTime:0.001000s ]
INFO: [ view_parse ] --START--
INFO: [ template_filter ] --START--
INFO: Run Behavior\ContentReplaceBehavior [ RunTime:0.000000s ]
INFO: [ template_filter ] --END-- [ RunTime:0.000000s ]
INFO: Run Behavior\ParseTemplateBehavior [ RunTime:0.004000s ]
INFO: [ view_parse ] --END-- [ RunTime:0.004000s ]
INFO: [ view_filter ] --START--
INFO: Run Behavior\WriteHtmlCacheBehavior [ RunTime:0.001000s ]
INFO: [ view_filter ] --END-- [ RunTime:0.001000s ]
INFO: [ app_end ] --START--
INFO: Run Behavior\ShowPageTraceBehavior [ RunTime:0.000000s ]
INFO: [ app_end ] --END-- [ RunTime:0.000000s ]

[ 2017-05-09T10:15:57+08:00 ] ::1 /thinkphp/all/excel/
INFO: [ app_init ] --START--
INFO: Run Behavior\BuildLiteBehavior [ RunTime:0.000000s ]
INFO: [ app_init ] --END-- [ RunTime:0.000000s ]
INFO: [ app_begin ] --START--
INFO: Run Behavior\ReadHtmlCacheBehavior [ RunTime:0.001000s ]
INFO: [ app_begin ] --END-- [ RunTime:0.001000s ]
INFO: [ view_parse ] --START--
INFO: [ template_filter ] --START--
INFO: Run Behavior\ContentReplaceBehavior [ RunTime:0.000000s ]
INFO: [ template_filter ] --END-- [ RunTime:0.000000s ]
INFO: Run Behavior\ParseTemplateBehavior [ RunTime:0.006000s ]
INFO: [ view_parse ] --END-- [ RunTime:0.006000s ]
INFO: [ view_filter ] --START--
INFO: Run Behavior\WriteHtmlCacheBehavior [ RunTime:0.000000s ]
INFO: [ view_filter ] --END-- [ RunTime:0.000000s ]
INFO: [ app_end ] --START--
INFO: Run Behavior\ShowPageTraceBehavior [ RunTime:0.001000s ]
INFO: [ app_end ] --END-- [ RunTime:0.001000s ]

[ 2017-05-09T10:15:57+08:00 ] ::1 /thinkphp/all/excel/
INFO: [ app_init ] --START--
INFO: Run Behavior\BuildLiteBehavior [ RunTime:0.000000s ]
INFO: [ app_init ] --END-- [ RunTime:0.000000s ]
INFO: [ app_begin ] --START--
INFO: Run Behavior\ReadHtmlCacheBehavior [ RunTime:0.000000s ]
INFO: [ app_begin ] --END-- [ RunTime:0.000000s ]
INFO: [ view_parse ] --START--
INFO: [ template_filter ] --START--
INFO: Run Behavior\ContentReplaceBehavior [ RunTime:0.000000s ]
INFO: [ template_filter ] --END-- [ RunTime:0.000000s ]
INFO: Run Behavior\ParseTemplateBehavior [ RunTime:0.004000s ]
INFO: [ view_parse ] --END-- [ RunTime:0.004000s ]
INFO: [ view_filter ] --START--
INFO: Run Behavior\WriteHtmlCacheBehavior [ RunTime:0.001001s ]
INFO: [ view_filter ] --END-- [ RunTime:0.001001s ]
INFO: [ app_end ] --START--
INFO: Run Behavior\ShowPageTraceBehavior [ RunTime:0.001000s ]
INFO: [ app_end ] --END-- [ RunTime:0.001000s ]

[ 2017-05-09T10:16:04+08:00 ] ::1 /thinkphp/all/excel/index.php/Home/Index/eximport
INFO: [ app_init ] --START--
INFO: Run Behavior\BuildLiteBehavior [ RunTime:0.000000s ]
INFO: [ app_init ] --END-- [ RunTime:0.000000s ]
INFO: [ app_begin ] --START--
INFO: Run Behavior\ReadHtmlCacheBehavior [ RunTime:0.001000s ]
INFO: [ app_begin ] --END-- [ RunTime:0.001000s ]
NOTIC: [2] call_user_func() expects parameter 1 to be a valid callback, no array or string given D:\WWW\thinkphp\all\excel\ThinkPHP\Library\Think\Upload.class.php 第 170 行.
SQL: SHOW COLUMNS FROM `dc` [ RunTime:0.0010s ]
SQL: INSERT INTO `dc` (`username`,`money`,`time`) VALUES ('密码','生日','0') [ RunTime:0.0270s ]
SQL: INSERT INTO `dc` (`username`,`money`,`time`) VALUES ('123','33052','0') [ RunTime:0.0220s ]
SQL: INSERT INTO `dc` (`username`,`money`,`time`) VALUES ('124','33053','0') [ RunTime:0.0170s ]
SQL: INSERT INTO `dc` (`username`,`money`,`time`) VALUES ('125','33054','0') [ RunTime:0.0220s ]
SQL: INSERT INTO `dc` (`username`,`money`,`time`) VALUES ('126','33055','0') [ RunTime:0.0180s ]
SQL: INSERT INTO `dc` (`username`,`money`,`time`) VALUES ('127','33056','0') [ RunTime:0.0300s ]
SQL: INSERT INTO `dc` (`username`,`money`,`time`) VALUES ('128','33057','0') [ RunTime:0.0220s ]
SQL: INSERT INTO `dc` (`username`,`money`,`time`) VALUES ('129','33058','0') [ RunTime:0.0170s ]
SQL: INSERT INTO `dc` (`username`,`money`,`time`) VALUES ('130','33059','0') [ RunTime:0.0230s ]
SQL: INSERT INTO `dc` (`username`,`money`,`time`) VALUES ('131','33060','0') [ RunTime:0.0200s ]
SQL: INSERT INTO `dc` (`username`,`money`,`time`) VALUES ('132','33061','0') [ RunTime:0.0180s ]
SQL: INSERT INTO `dc` (`username`,`money`,`time`) VALUES ('133','33062','0') [ RunTime:0.0300s ]
SQL: INSERT INTO `dc` (`username`,`money`,`time`) VALUES ('134','33063','0') [ RunTime:0.0230s ]
SQL: INSERT INTO `dc` (`username`,`money`,`time`) VALUES ('135','33064','0') [ RunTime:0.0170s ]
SQL: INSERT INTO `dc` (`username`,`money`,`time`) VALUES ('136','33065','0') [ RunTime:0.0230s ]
INFO: [ view_parse ] --START--
INFO: [ template_filter ] --START--
INFO: Run Behavior\ContentReplaceBehavior [ RunTime:0.000000s ]
INFO: [ template_filter ] --END-- [ RunTime:0.000000s ]
INFO: Run Behavior\ParseTemplateBehavior [ RunTime:0.005001s ]
INFO: [ view_parse ] --END-- [ RunTime:0.005001s ]
INFO: [ view_filter ] --START--
INFO: Run Behavior\WriteHtmlCacheBehavior [ RunTime:0.001000s ]
INFO: [ view_filter ] --END-- [ RunTime:0.001000s ]
INFO: [ app_end ] --START--
INFO: Run Behavior\ShowPageTraceBehavior [ RunTime:0.000000s ]
INFO: [ app_end ] --END-- [ RunTime:0.000000s ]

[ 2017-05-09T10:16:06+08:00 ] ::1 /thinkphp/all/excel/
INFO: [ app_init ] --START--
INFO: Run Behavior\BuildLiteBehavior [ RunTime:0.000000s ]
INFO: [ app_init ] --END-- [ RunTime:0.001000s ]
INFO: [ app_begin ] --START--
INFO: Run Behavior\ReadHtmlCacheBehavior [ RunTime:0.001000s ]
INFO: [ app_begin ] --END-- [ RunTime:0.001000s ]
INFO: [ view_parse ] --START--
INFO: [ template_filter ] --START--
INFO: Run Behavior\ContentReplaceBehavior [ RunTime:0.000000s ]
INFO: [ template_filter ] --END-- [ RunTime:0.000000s ]
INFO: Run Behavior\ParseTemplateBehavior [ RunTime:0.006000s ]
INFO: [ view_parse ] --END-- [ RunTime:0.006000s ]
INFO: [ view_filter ] --START--
INFO: Run Behavior\WriteHtmlCacheBehavior [ RunTime:0.000000s ]
INFO: [ view_filter ] --END-- [ RunTime:0.001000s ]
INFO: [ app_end ] --START--
INFO: Run Behavior\ShowPageTraceBehavior [ RunTime:0.001000s ]
INFO: [ app_end ] --END-- [ RunTime:0.001000s ]

[ 2017-05-09T10:16:13+08:00 ] ::1 /thinkphp/all/excel/index.php/Home/Index/eximport
INFO: [ app_init ] --START--
INFO: Run Behavior\BuildLiteBehavior [ RunTime:0.000000s ]
INFO: [ app_init ] --END-- [ RunTime:0.000000s ]
INFO: [ app_begin ] --START--
INFO: Run Behavior\ReadHtmlCacheBehavior [ RunTime:0.000000s ]
INFO: [ app_begin ] --END-- [ RunTime:0.001000s ]
NOTIC: [2] call_user_func() expects parameter 1 to be a valid callback, no array or string given D:\WWW\thinkphp\all\excel\ThinkPHP\Library\Think\Upload.class.php 第 170 行.
NOTIC: [8] Undefined variable: options D:\WWW\thinkphp\all\excel\ThinkPHP\Library\Vendor\PHPExcel\PHPExcel\Settings.php 第 384 行.
NOTIC: [8] Undefined variable: options D:\WWW\thinkphp\all\excel\ThinkPHP\Library\Vendor\PHPExcel\PHPExcel\Settings.php 第 384 行.
NOTIC: [8] Undefined variable: options D:\WWW\thinkphp\all\excel\ThinkPHP\Library\Vendor\PHPExcel\PHPExcel\Settings.php 第 384 行.
NOTIC: [8] Undefined variable: options D:\WWW\thinkphp\all\excel\ThinkPHP\Library\Vendor\PHPExcel\PHPExcel\Settings.php 第 384 行.
NOTIC: [8] Undefined variable: options D:\WWW\thinkphp\all\excel\ThinkPHP\Library\Vendor\PHPExcel\PHPExcel\Settings.php 第 384 行.
NOTIC: [8] Undefined variable: options D:\WWW\thinkphp\all\excel\ThinkPHP\Library\Vendor\PHPExcel\PHPExcel\Settings.php 第 384 行.
NOTIC: [8] Undefined variable: options D:\WWW\thinkphp\all\excel\ThinkPHP\Library\Vendor\PHPExcel\PHPExcel\Settings.php 第 384 行.
NOTIC: [8] Undefined variable: options D:\WWW\thinkphp\all\excel\ThinkPHP\Library\Vendor\PHPExcel\PHPExcel\Settings.php 第 384 行.
NOTIC: [8] Undefined variable: options D:\WWW\thinkphp\all\excel\ThinkPHP\Library\Vendor\PHPExcel\PHPExcel\Settings.php 第 384 行.
NOTIC: [8] Undefined variable: options D:\WWW\thinkphp\all\excel\ThinkPHP\Library\Vendor\PHPExcel\PHPExcel\Settings.php 第 384 行.
NOTIC: [8] Undefined variable: options D:\WWW\thinkphp\all\excel\ThinkPHP\Library\Vendor\PHPExcel\PHPExcel\Settings.php 第 384 行.
NOTIC: [8] Undefined variable: options D:\WWW\thinkphp\all\excel\ThinkPHP\Library\Vendor\PHPExcel\PHPExcel\Settings.php 第 384 行.
NOTIC: [8] Undefined variable: options D:\WWW\thinkphp\all\excel\ThinkPHP\Library\Vendor\PHPExcel\PHPExcel\Settings.php 第 384 行.
NOTIC: [8] Undefined variable: options D:\WWW\thinkphp\all\excel\ThinkPHP\Library\Vendor\PHPExcel\PHPExcel\Settings.php 第 384 行.
SQL: SHOW COLUMNS FROM `dc` [ RunTime:0.0010s ]
SQL: INSERT INTO `dc` (`username`,`money`,`time`) VALUES ('密码','生日','0') [ RunTime:0.0330s ]
SQL: INSERT INTO `dc` (`username`,`money`,`time`) VALUES ('123','33052','0') [ RunTime:0.0200s ]
SQL: INSERT INTO `dc` (`username`,`money`,`time`) VALUES ('124','33053','0') [ RunTime:0.0170s ]
SQL: INSERT INTO `dc` (`username`,`money`,`time`) VALUES ('125','33054','0') [ RunTime:0.0220s ]
SQL: INSERT INTO `dc` (`username`,`money`,`time`) VALUES ('126','33055','0') [ RunTime:0.0220s ]
SQL: INSERT INTO `dc` (`username`,`money`,`time`) VALUES ('127','33056','0') [ RunTime:0.0260s ]
SQL: INSERT INTO `dc` (`username`,`money`,`time`) VALUES ('128','33057','0') [ RunTime:0.0230s ]
SQL: INSERT INTO `dc` (`username`,`money`,`time`) VALUES ('129','33058','0') [ RunTime:0.0180s ]
SQL: INSERT INTO `dc` (`username`,`money`,`time`) VALUES ('130','33059','0') [ RunTime:0.0220s ]
SQL: INSERT INTO `dc` (`username`,`money`,`time`) VALUES ('131','33060','0') [ RunTime:0.0170s ]
SQL: INSERT INTO `dc` (`username`,`money`,`time`) VALUES ('132','33061','0') [ RunTime:0.0220s ]
SQL: INSERT INTO `dc` (`username`,`money`,`time`) VALUES ('133','33062','0') [ RunTime:0.0270s ]
SQL: INSERT INTO `dc` (`username`,`money`,`time`) VALUES ('134','33063','0') [ RunTime:0.0220s ]
SQL: INSERT INTO `dc` (`username`,`money`,`time`) VALUES ('135','33064','0') [ RunTime:0.0170s ]
SQL: INSERT INTO `dc` (`username`,`money`,`time`) VALUES ('136','33065','0') [ RunTime:0.0220s ]
INFO: [ view_parse ] --START--
INFO: [ template_filter ] --START--
INFO: Run Behavior\ContentReplaceBehavior [ RunTime:0.000000s ]
INFO: [ template_filter ] --END-- [ RunTime:0.000000s ]
INFO: Run Behavior\ParseTemplateBehavior [ RunTime:0.013001s ]
INFO: [ view_parse ] --END-- [ RunTime:0.013001s ]
INFO: [ view_filter ] --START--
INFO: Run Behavior\WriteHtmlCacheBehavior [ RunTime:0.001000s ]
INFO: [ view_filter ] --END-- [ RunTime:0.001000s ]
INFO: [ app_end ] --START--
INFO: Run Behavior\ShowPageTraceBehavior [ RunTime:0.001000s ]
INFO: [ app_end ] --END-- [ RunTime:0.001000s ]

[ 2017-05-09T10:16:14+08:00 ] ::1 /thinkphp/all/excel/
INFO: [ app_init ] --START--
INFO: Run Behavior\BuildLiteBehavior [ RunTime:0.000000s ]
INFO: [ app_init ] --END-- [ RunTime:0.000000s ]
INFO: [ app_begin ] --START--
INFO: Run Behavior\ReadHtmlCacheBehavior [ RunTime:0.001000s ]
INFO: [ app_begin ] --END-- [ RunTime:0.001000s ]
INFO: [ view_parse ] --START--
INFO: [ template_filter ] --START--
INFO: Run Behavior\ContentReplaceBehavior [ RunTime:0.000000s ]
INFO: [ template_filter ] --END-- [ RunTime:0.000000s ]
INFO: Run Behavior\ParseTemplateBehavior [ RunTime:0.006000s ]
INFO: [ view_parse ] --END-- [ RunTime:0.006000s ]
INFO: [ view_filter ] --START--
INFO: Run Behavior\WriteHtmlCacheBehavior [ RunTime:0.000000s ]
INFO: [ view_filter ] --END-- [ RunTime:0.000000s ]
INFO: [ app_end ] --START--
INFO: Run Behavior\ShowPageTraceBehavior [ RunTime:0.001000s ]
INFO: [ app_end ] --END-- [ RunTime:0.001000s ]

